<?xml version="1.0" encoding="UTF-8"?>
<coverage generated="1783514003074" clover="3.2.0">
  <project timestamp="1783514003074" name="All files">
    <metrics statements="460" coveredstatements="444" conditionals="309" coveredconditionals="224" methods="164" coveredmethods="158" elements="933" coveredelements="826" complexity="0" loc="460" ncloc="460" packages="15" files="34" classes="34"/>
    <package name="components">
      <metrics statements="34" coveredstatements="34" conditionals="22" coveredconditionals="19" methods="10" coveredmethods="10"/>
      <file name="ImagePicker.jsx" path="C:\Users\shrey\OneDrive\Documents\react_sprint\ShopEasy\src\components\ImagePicker.jsx">
        <metrics statements="12" coveredstatements="12" conditionals="8" coveredconditionals="7" methods="3" coveredmethods="3"/>
        <line num="12" count="5" type="stmt"/>
        <line num="13" count="5" type="cond" truecount="2" falsecount="0"/>
        <line num="14" count="1" type="stmt"/>
        <line num="15" count="1" type="stmt"/>
        <line num="17" count="4" type="stmt"/>
        <line num="23" count="4" type="cond" truecount="2" falsecount="0"/>
        <line num="24" count="2" type="stmt"/>
        <line num="25" count="2" type="cond" truecount="2" falsecount="0"/>
        <line num="26" count="1" type="stmt"/>
        <line num="31" count="6" type="stmt"/>
        <line num="34" count="6" type="stmt"/>
        <line num="47" count="1" type="stmt"/>
      </file>
      <file name="MapPicker.jsx" path="C:\Users\shrey\OneDrive\Documents\react_sprint\ShopEasy\src\components\MapPicker.jsx">
        <metrics statements="6" coveredstatements="6" conditionals="2" coveredconditionals="2" methods="2" coveredmethods="2"/>
        <line num="5" count="1" type="stmt"/>
        <line num="94" count="3" type="stmt"/>
        <line num="96" count="2" type="cond" truecount="2" falsecount="0"/>
        <line num="97" count="1" type="stmt"/>
        <line num="102" count="4" type="stmt"/>
        <line num="120" count="1" type="stmt"/>
      </file>
      <file name="QRScanner.jsx" path="C:\Users\shrey\OneDrive\Documents\react_sprint\ShopEasy\src\components\QRScanner.jsx">
        <metrics statements="16" coveredstatements="16" conditionals="12" coveredconditionals="10" methods="5" coveredmethods="5"/>
        <line num="11" count="12" type="stmt"/>
        <line num="12" count="12" type="stmt"/>
        <line num="15" count="2" type="stmt"/>
        <line num="17" count="2" type="cond" truecount="2" falsecount="0"/>
        <line num="18" count="1" type="stmt"/>
        <line num="22" count="12" type="cond" truecount="2" falsecount="0"/>
        <line num="23" count="1" type="stmt"/>
        <line num="26" count="11" type="cond" truecount="2" falsecount="0"/>
        <line num="27" count="2" type="stmt"/>
        <line num="30" count="2" type="stmt"/>
        <line num="42" count="9" type="cond" truecount="2" falsecount="0"/>
        <line num="43" count="3" type="stmt"/>
        <line num="54" count="6" type="stmt"/>
        <line num="57" count="6" type="stmt"/>
        <line num="61" count="3" type="stmt"/>
        <line num="69" count="1" type="stmt"/>
      </file>
    </package>
    <package name="components.cart">
      <metrics statements="6" coveredstatements="6" conditionals="17" coveredconditionals="9" methods="5" coveredmethods="5"/>
      <file name="CartItem.jsx" path="C:\Users\shrey\OneDrive\Documents\react_sprint\ShopEasy\src\components\cart\CartItem.jsx">
        <metrics statements="6" coveredstatements="6" conditionals="17" coveredconditionals="9" methods="5" coveredmethods="5"/>
        <line num="24" count="4" type="stmt"/>
        <line num="39" count="1" type="stmt"/>
        <line num="53" count="1" type="stmt"/>
        <line num="65" count="4" type="stmt"/>
        <line num="71" count="1" type="stmt"/>
        <line num="83" count="1" type="stmt"/>
      </file>
    </package>
    <package name="components.product">
      <metrics statements="13" coveredstatements="13" conditionals="27" coveredconditionals="16" methods="8" coveredmethods="8"/>
      <file name="Price.jsx" path="C:\Users\shrey\OneDrive\Documents\react_sprint\ShopEasy\src\components\product\Price.jsx">
        <metrics statements="3" coveredstatements="3" conditionals="1" coveredconditionals="1" methods="1" coveredmethods="1"/>
        <line num="12" count="4" type="stmt"/>
        <line num="14" count="4" type="stmt"/>
        <line num="21" count="1" type="stmt"/>
      </file>
      <file name="ProductCard.jsx" path="C:\Users\shrey\OneDrive\Documents\react_sprint\ShopEasy\src\components\product\ProductCard.jsx">
        <metrics statements="5" coveredstatements="5" conditionals="15" coveredconditionals="8" methods="4" coveredmethods="4"/>
        <line num="27" count="4" type="stmt"/>
        <line num="29" count="1" type="stmt"/>
        <line num="31" count="4" type="stmt"/>
        <line num="64" count="1" type="stmt"/>
        <line num="72" count="1" type="stmt"/>
      </file>
      <file name="Rating.jsx" path="C:\Users\shrey\OneDrive\Documents\react_sprint\ShopEasy\src\components\product\Rating.jsx">
        <metrics statements="2" coveredstatements="2" conditionals="3" coveredconditionals="2" methods="1" coveredmethods="1"/>
        <line num="18" count="4" type="stmt"/>
        <line num="31" count="1" type="stmt"/>
      </file>
      <file name="WishListButton.jsx" path="C:\Users\shrey\OneDrive\Documents\react_sprint\ShopEasy\src\components\product\WishListButton.jsx">
        <metrics statements="3" coveredstatements="3" conditionals="8" coveredconditionals="5" methods="2" coveredmethods="2"/>
        <line num="16" count="4" type="stmt"/>
        <line num="23" count="4" type="stmt"/>
        <line num="39" count="1" type="stmt"/>
      </file>
    </package>
    <package name="components.search">
      <metrics statements="2" coveredstatements="2" conditionals="1" coveredconditionals="1" methods="1" coveredmethods="1"/>
      <file name="SearchBar.jsx" path="C:\Users\shrey\OneDrive\Documents\react_sprint\ShopEasy\src\components\search\SearchBar.jsx">
        <metrics statements="2" coveredstatements="2" conditionals="1" coveredconditionals="1" methods="1" coveredmethods="1"/>
        <line num="12" count="3" type="stmt"/>
        <line num="34" count="1" type="stmt"/>
      </file>
    </package>
    <package name="screens.Address">
      <metrics statements="46" coveredstatements="43" conditionals="54" coveredconditionals="49" methods="14" coveredmethods="13"/>
      <file name="AddressFormScreen.jsx" path="C:\Users\shrey\OneDrive\Documents\react_sprint\ShopEasy\src\screens\Address\AddressFormScreen.jsx">
        <metrics statements="46" coveredstatements="43" conditionals="54" coveredconditionals="49" methods="14" coveredmethods="13"/>
        <line num="30" count="1" type="stmt"/>
        <line num="44" count="48" type="stmt"/>
        <line num="46" count="48" type="stmt"/>
        <line num="48" count="48" type="stmt"/>
        <line num="50" count="48" type="stmt"/>
        <line num="52" count="48" type="stmt"/>
        <line num="53" count="48" type="stmt"/>
        <line num="55" count="48" type="stmt"/>
        <line num="57" count="48" type="stmt"/>
        <line num="72" count="48" type="stmt"/>
        <line num="73" count="7" type="stmt"/>
        <line num="75" count="7" type="cond" truecount="2" falsecount="0"/>
        <line num="76" count="1" type="stmt"/>
        <line num="80" count="48" type="stmt"/>
        <line num="81" count="7" type="stmt"/>
        <line num="82" count="7" type="cond" truecount="4" falsecount="0"/>
        <line num="83" count="3" type="stmt"/>
        <line num="84" count="3" type="stmt"/>
        <line num="89" count="1" type="stmt"/>
        <line num="90" count="1" type="stmt"/>
        <line num="92" count="1" type="stmt"/>
        <line num="102" count="1" type="stmt"/>
        <line num="104" count="0" type="stmt"/>
        <line num="109" count="3" type="stmt"/>
        <line num="110" count="3" type="cond" truecount="2" falsecount="0"/>
        <line num="111" count="1" type="stmt"/>
        <line num="112" count="1" type="stmt"/>
        <line num="115" count="2" type="stmt"/>
        <line num="128" count="2" type="cond" truecount="2" falsecount="0"/>
        <line num="129" count="1" type="stmt"/>
        <line num="131" count="1" type="stmt"/>
        <line num="133" count="1" type="stmt"/>
        <line num="135" count="1" type="stmt"/>
        <line num="138" count="2" type="stmt"/>
        <line num="140" count="2" type="stmt"/>
        <line num="142" count="0" type="stmt"/>
        <line num="146" count="48" type="stmt"/>
        <line num="265" count="48" type="stmt"/>
        <line num="269" count="1" type="stmt"/>
        <line num="275" count="48" type="stmt"/>
        <line num="287" count="48" type="stmt"/>
        <line num="292" count="0" type="stmt"/>
        <line num="305" count="48" type="stmt"/>
        <line num="310" count="1" type="stmt"/>
        <line num="311" count="1" type="stmt"/>
        <line num="322" count="1" type="stmt"/>
      </file>
    </package>
    <package name="screens.Auth">
      <metrics statements="54" coveredstatements="51" conditionals="66" coveredconditionals="42" methods="11" coveredmethods="11"/>
      <file name="LoginScreen.jsx" path="C:\Users\shrey\OneDrive\Documents\react_sprint\ShopEasy\src\screens\Auth\LoginScreen.jsx">
        <metrics statements="29" coveredstatements="29" conditionals="32" coveredconditionals="20" methods="5" coveredmethods="5"/>
        <line num="27" count="9" type="stmt"/>
        <line num="28" count="9" type="stmt"/>
        <line num="30" count="9" type="stmt"/>
        <line num="31" count="3" type="stmt"/>
        <line num="32" count="3" type="stmt"/>
        <line num="34" count="3" type="stmt"/>
        <line num="35" count="3" type="stmt"/>
        <line num="37" count="2" type="stmt"/>
        <line num="39" count="2" type="stmt"/>
        <line num="41" count="2" type="stmt"/>
        <line num="42" count="2" type="stmt"/>
        <line num="44" count="2" type="cond" truecount="2" falsecount="0"/>
        <line num="45" count="1" type="stmt"/>
        <line num="48" count="1" type="stmt"/>
        <line num="55" count="1" type="stmt"/>
        <line num="57" count="1" type="stmt"/>
        <line num="59" count="1" type="stmt"/>
        <line num="61" count="2" type="stmt"/>
        <line num="62" count="2" type="stmt"/>
        <line num="63" count="2" type="stmt"/>
        <line num="64" count="2" type="stmt"/>
        <line num="66" count="2" type="stmt"/>
        <line num="68" count="3" type="stmt"/>
        <line num="69" count="3" type="stmt"/>
        <line num="73" count="9" type="stmt"/>
        <line num="98" count="26" type="stmt"/>
        <line num="142" count="26" type="stmt"/>
        <line num="159" count="1" type="stmt"/>
        <line num="169" count="1" type="stmt"/>
      </file>
      <file name="RegistrationScreen.jsx" path="C:\Users\shrey\OneDrive\Documents\react_sprint\ShopEasy\src\screens\Auth\RegistrationScreen.jsx">
        <metrics statements="25" coveredstatements="22" conditionals="34" coveredconditionals="22" methods="6" coveredmethods="6"/>
        <line num="26" count="9" type="stmt"/>
        <line num="28" count="9" type="stmt"/>
        <line num="29" count="3" type="stmt"/>
        <line num="31" count="3" type="stmt"/>
        <line num="32" count="3" type="stmt"/>
        <line num="34" count="3" type="stmt"/>
        <line num="40" count="2" type="stmt"/>
        <line num="42" count="2" type="stmt"/>
        <line num="44" count="2" type="stmt"/>
        <line num="46" count="2" type="stmt"/>
        <line num="47" count="2" type="stmt"/>
        <line num="49" count="2" type="cond" truecount="1" falsecount="1"/>
        <line num="50" count="2" type="stmt"/>
        <line num="53" count="0" type="stmt"/>
        <line num="55" count="0" type="stmt"/>
        <line num="57" count="0" type="stmt"/>
        <line num="59" count="3" type="stmt"/>
        <line num="61" count="3" type="stmt"/>
        <line num="63" count="3" type="stmt"/>
        <line num="67" count="9" type="stmt"/>
        <line num="96" count="32" type="stmt"/>
        <line num="155" count="4" type="stmt"/>
        <line num="158" count="32" type="stmt"/>
        <line num="179" count="1" type="stmt"/>
        <line num="189" count="1" type="stmt"/>
      </file>
    </package>
    <package name="screens.Cart">
      <metrics statements="51" coveredstatements="45" conditionals="46" coveredconditionals="35" methods="27" coveredmethods="24"/>
      <file name="CartScreen.jsx" path="C:\Users\shrey\OneDrive\Documents\react_sprint\ShopEasy\src\screens\Cart\CartScreen.jsx">
        <metrics statements="14" coveredstatements="14" conditionals="6" coveredconditionals="5" methods="10" coveredmethods="10"/>
        <line num="27" count="4" type="stmt"/>
        <line num="29" count="4" type="stmt"/>
        <line num="30" count="4" type="stmt"/>
        <line num="32" count="4" type="cond" truecount="2" falsecount="0"/>
        <line num="33" count="4" type="stmt"/>
        <line num="35" count="4" type="stmt"/>
        <line num="41" count="6" type="stmt"/>
        <line num="45" count="3" type="stmt"/>
        <line num="48" count="1" type="stmt"/>
        <line num="51" count="1" type="stmt"/>
        <line num="54" count="1" type="stmt"/>
        <line num="91" count="3" type="stmt"/>
        <line num="96" count="1" type="stmt"/>
        <line num="111" count="1" type="stmt"/>
      </file>
      <file name="PaymentScreen.jsx" path="C:\Users\shrey\OneDrive\Documents\react_sprint\ShopEasy\src\screens\Cart\PaymentScreen.jsx">
        <metrics statements="37" coveredstatements="31" conditionals="40" coveredconditionals="30" methods="17" coveredmethods="14"/>
        <line num="26" count="9" type="stmt"/>
        <line num="28" count="9" type="stmt"/>
        <line num="30" count="9" type="stmt"/>
        <line num="31" count="9" type="stmt"/>
        <line num="33" count="9" type="stmt"/>
        <line num="34" count="9" type="stmt"/>
        <line num="37" count="1" type="stmt"/>
        <line num="38" count="1" type="stmt"/>
        <line num="42" count="4" type="cond" truecount="4" falsecount="0"/>
        <line num="43" count="1" type="stmt"/>
        <line num="47" count="1" type="stmt"/>
        <line num="50" count="3" type="stmt"/>
        <line num="52" count="3" type="stmt"/>
        <line num="65" count="3" type="stmt"/>
        <line num="68" count="4" type="stmt"/>
        <line num="76" count="2" type="stmt"/>
        <line num="79" count="2" type="stmt"/>
        <line num="81" count="2" type="stmt"/>
        <line num="85" count="1" type="stmt"/>
        <line num="87" count="1" type="stmt"/>
        <line num="94" count="9" type="stmt"/>
        <line num="118" count="9" type="stmt"/>
        <line num="124" count="0" type="stmt"/>
        <line num="125" count="0" type="stmt"/>
        <line num="139" count="9" type="stmt"/>
        <line num="145" count="2" type="stmt"/>
        <line num="146" count="2" type="stmt"/>
        <line num="160" count="9" type="stmt"/>
        <line num="166" count="0" type="stmt"/>
        <line num="167" count="0" type="stmt"/>
        <line num="181" count="9" type="stmt"/>
        <line num="187" count="0" type="stmt"/>
        <line num="188" count="0" type="stmt"/>
        <line num="225" count="9" type="stmt"/>
        <line num="235" count="9" type="stmt"/>
        <line num="239" count="1" type="stmt"/>
        <line num="247" count="1" type="stmt"/>
      </file>
    </package>
    <package name="screens.Home">
      <metrics statements="42" coveredstatements="40" conditionals="12" coveredconditionals="8" methods="17" coveredmethods="15"/>
      <file name="HomeScreen.jsx" path="C:\Users\shrey\OneDrive\Documents\react_sprint\ShopEasy\src\screens\Home\HomeScreen.jsx">
        <metrics statements="36" coveredstatements="34" conditionals="12" coveredconditionals="8" methods="15" coveredmethods="13"/>
        <line num="27" count="8" type="stmt"/>
        <line num="29" count="8" type="stmt"/>
        <line num="30" count="8" type="stmt"/>
        <line num="37" count="8" type="stmt"/>
        <line num="39" count="8" type="stmt"/>
        <line num="40" count="8" type="stmt"/>
        <line num="43" count="8" type="stmt"/>
        <line num="45" count="12" type="stmt"/>
        <line num="48" count="8" type="stmt"/>
        <line num="49" count="6" type="stmt"/>
        <line num="50" count="6" type="stmt"/>
        <line num="52" count="6" type="stmt"/>
        <line num="53" count="6" type="stmt"/>
        <line num="54" count="5" type="stmt"/>
        <line num="56" count="1" type="stmt"/>
        <line num="60" count="6" type="stmt"/>
        <line num="63" count="8" type="stmt"/>
        <line num="64" count="1" type="stmt"/>
        <line num="65" count="1" type="stmt"/>
        <line num="68" count="8" type="stmt"/>
        <line num="69" count="1" type="stmt"/>
        <line num="70" count="1" type="stmt"/>
        <line num="73" count="8" type="stmt"/>
        <line num="74" count="0" type="stmt"/>
        <line num="77" count="8" type="cond" truecount="2" falsecount="0"/>
        <line num="78" count="1" type="stmt"/>
        <line num="88" count="7" type="cond" truecount="2" falsecount="0"/>
        <line num="89" count="1" type="stmt"/>
        <line num="96" count="6" type="stmt"/>
        <line num="115" count="20" type="stmt"/>
        <line num="126" count="12" type="stmt"/>
        <line num="129" count="12" type="stmt"/>
        <line num="132" count="1" type="stmt"/>
        <line num="137" count="1" type="stmt"/>
        <line num="139" count="0" type="stmt"/>
        <line num="147" count="1" type="stmt"/>
      </file>
      <file name="ProductDetailsScreen.jsx" path="C:\Users\shrey\OneDrive\Documents\react_sprint\ShopEasy\src\screens\Home\ProductDetailsScreen.jsx">
        <metrics statements="6" coveredstatements="6" conditionals="0" coveredconditionals="0" methods="2" coveredmethods="2"/>
        <line num="16" count="2" type="stmt"/>
        <line num="18" count="2" type="stmt"/>
        <line num="20" count="2" type="stmt"/>
        <line num="21" count="1" type="stmt"/>
        <line num="24" count="2" type="stmt"/>
        <line num="72" count="1" type="stmt"/>
      </file>
    </package>
    <package name="screens.Orders">
      <metrics statements="18" coveredstatements="18" conditionals="4" coveredconditionals="3" methods="8" coveredmethods="8"/>
      <file name="OrderHistoryScreen.jsx" path="C:\Users\shrey\OneDrive\Documents\react_sprint\ShopEasy\src\screens\Orders\OrderHistoryScreen.jsx">
        <metrics statements="18" coveredstatements="18" conditionals="4" coveredconditionals="3" methods="8" coveredmethods="8"/>
        <line num="22" count="8" type="stmt"/>
        <line num="24" count="8" type="stmt"/>
        <line num="25" count="8" type="stmt"/>
        <line num="27" count="8" type="stmt"/>
        <line num="29" count="4" type="stmt"/>
        <line num="34" count="4" type="stmt"/>
        <line num="35" count="4" type="stmt"/>
        <line num="37" count="3" type="stmt"/>
        <line num="39" count="1" type="stmt"/>
        <line num="41" count="4" type="stmt"/>
        <line num="46" count="2" type="stmt"/>
        <line num="48" count="2" type="cond" truecount="1" falsecount="1"/>
        <line num="50" count="1" type="stmt"/>
        <line num="78" count="8" type="cond" truecount="2" falsecount="0"/>
        <line num="79" count="4" type="stmt"/>
        <line num="86" count="4" type="stmt"/>
        <line num="95" count="4" type="stmt"/>
        <line num="112" count="1" type="stmt"/>
      </file>
    </package>
    <package name="screens.Profile">
      <metrics statements="40" coveredstatements="38" conditionals="14" coveredconditionals="9" methods="10" coveredmethods="10"/>
      <file name="ProfileScreen.jsx" path="C:\Users\shrey\OneDrive\Documents\react_sprint\ShopEasy\src\screens\Profile\ProfileScreen.jsx">
        <metrics statements="40" coveredstatements="38" conditionals="14" coveredconditionals="9" methods="10" coveredmethods="10"/>
        <line num="23" count="17" type="stmt"/>
        <line num="24" count="17" type="stmt"/>
        <line num="25" count="17" type="stmt"/>
        <line num="26" count="17" type="stmt"/>
        <line num="27" count="17" type="stmt"/>
        <line num="28" count="17" type="stmt"/>
        <line num="30" count="17" type="stmt"/>
        <line num="31" count="5" type="stmt"/>
        <line num="35" count="5" type="stmt"/>
        <line num="36" count="5" type="stmt"/>
        <line num="38" count="4" type="cond" truecount="1" falsecount="1"/>
        <line num="39" count="0" type="stmt"/>
        <line num="42" count="4" type="stmt"/>
        <line num="44" count="4" type="stmt"/>
        <line num="45" count="4" type="stmt"/>
        <line num="46" count="4" type="stmt"/>
        <line num="47" count="4" type="stmt"/>
        <line num="48" count="4" type="stmt"/>
        <line num="50" count="0" type="stmt"/>
        <line num="55" count="1" type="stmt"/>
        <line num="59" count="2" type="stmt"/>
        <line num="60" count="2" type="stmt"/>
        <line num="67" count="1" type="stmt"/>
        <line num="68" count="1" type="stmt"/>
        <line num="69" count="1" type="stmt"/>
        <line num="71" count="1" type="stmt"/>
        <line num="72" count="1" type="stmt"/>
        <line num="77" count="1" type="stmt"/>
        <line num="78" count="1" type="stmt"/>
        <line num="79" count="1" type="stmt"/>
        <line num="80" count="1" type="stmt"/>
        <line num="81" count="1" type="stmt"/>
        <line num="84" count="17" type="cond" truecount="2" falsecount="0"/>
        <line num="85" count="5" type="stmt"/>
        <line num="92" count="12" type="stmt"/>
        <line num="142" count="6" type="stmt"/>
        <line num="152" count="6" type="stmt"/>
        <line num="168" count="6" type="stmt"/>
        <line num="172" count="3" type="stmt"/>
        <line num="182" count="1" type="stmt"/>
      </file>
    </package>
    <package name="screens.Wishlist">
      <metrics statements="11" coveredstatements="11" conditionals="2" coveredconditionals="2" methods="6" coveredmethods="6"/>
      <file name="WishlistScreen.jsx" path="C:\Users\shrey\OneDrive\Documents\react_sprint\ShopEasy\src\screens\Wishlist\WishlistScreen.jsx">
        <metrics statements="11" coveredstatements="11" conditionals="2" coveredconditionals="2" methods="6" coveredmethods="6"/>
        <line num="16" count="4" type="stmt"/>
        <line num="18" count="4" type="stmt"/>
        <line num="19" count="4" type="stmt"/>
        <line num="22" count="4" type="cond" truecount="2" falsecount="0"/>
        <line num="23" count="1" type="stmt"/>
        <line num="33" count="3" type="stmt"/>
        <line num="38" count="6" type="stmt"/>
        <line num="43" count="3" type="stmt"/>
        <line num="47" count="1" type="stmt"/>
        <line num="53" count="1" type="stmt"/>
        <line num="62" count="1" type="stmt"/>
      </file>
    </package>
    <package name="services">
      <metrics statements="40" coveredstatements="40" conditionals="2" coveredconditionals="2" methods="15" coveredmethods="15"/>
      <file name="addressService.js" path="C:\Users\shrey\OneDrive\Documents\react_sprint\ShopEasy\src\services\addressService.js">
        <metrics statements="15" coveredstatements="15" conditionals="0" coveredconditionals="0" methods="5" coveredmethods="5"/>
        <line num="3" count="1" type="stmt"/>
        <line num="5" count="1" type="stmt"/>
        <line num="6" count="3" type="stmt"/>
        <line num="10" count="2" type="stmt"/>
        <line num="13" count="1" type="stmt"/>
        <line num="14" count="2" type="stmt"/>
        <line num="18" count="1" type="stmt"/>
        <line num="21" count="1" type="stmt"/>
        <line num="22" count="2" type="stmt"/>
        <line num="27" count="1" type="stmt"/>
        <line num="30" count="1" type="stmt"/>
        <line num="34" count="2" type="stmt"/>
        <line num="39" count="1" type="stmt"/>
        <line num="42" count="1" type="stmt"/>
        <line num="43" count="2" type="stmt"/>
      </file>
      <file name="orderService.js" path="C:\Users\shrey\OneDrive\Documents\react_sprint\ShopEasy\src\services\orderService.js">
        <metrics statements="18" coveredstatements="18" conditionals="2" coveredconditionals="2" methods="8" coveredmethods="8"/>
        <line num="3" count="1" type="stmt"/>
        <line num="10" count="3" type="stmt"/>
        <line num="16" count="2" type="stmt"/>
        <line num="20" count="2" type="stmt"/>
        <line num="21" count="1" type="stmt"/>
        <line num="24" count="5" type="stmt"/>
        <line num="27" count="4" type="stmt"/>
        <line num="29" count="4" type="cond" truecount="2" falsecount="0"/>
        <line num="30" count="2" type="stmt"/>
        <line num="32" count="2" type="stmt"/>
        <line num="35" count="2" type="stmt"/>
        <line num="37" count="2" type="stmt"/>
        <line num="42" count="1" type="stmt"/>
        <line num="48" count="3" type="stmt"/>
        <line num="54" count="2" type="stmt"/>
        <line num="58" count="2" type="stmt"/>
        <line num="60" count="1" type="stmt"/>
        <line num="64" count="3" type="stmt"/>
      </file>
      <file name="profileService.js" path="C:\Users\shrey\OneDrive\Documents\react_sprint\ShopEasy\src\services\profileService.js">
        <metrics statements="7" coveredstatements="7" conditionals="0" coveredconditionals="0" methods="2" coveredmethods="2"/>
        <line num="3" count="1" type="stmt"/>
        <line num="5" count="1" type="stmt"/>
        <line num="6" count="3" type="stmt"/>
        <line num="7" count="2" type="stmt"/>
        <line num="10" count="1" type="stmt"/>
        <line num="11" count="3" type="stmt"/>
        <line num="16" count="2" type="stmt"/>
      </file>
    </package>
    <package name="store.slices">
      <metrics statements="89" coveredstatements="89" conditionals="16" coveredconditionals="16" methods="32" coveredmethods="32"/>
      <file name="authSlice.js" path="C:\Users\shrey\OneDrive\Documents\react_sprint\ShopEasy\src\store\slices\authSlice.js">
        <metrics statements="15" coveredstatements="15" conditionals="0" coveredconditionals="0" methods="4" coveredmethods="4"/>
        <line num="3" count="2" type="stmt"/>
        <line num="10" count="2" type="stmt"/>
        <line num="15" count="2" type="stmt"/>
        <line num="16" count="2" type="stmt"/>
        <line num="17" count="2" type="stmt"/>
        <line num="18" count="2" type="stmt"/>
        <line num="22" count="2" type="stmt"/>
        <line num="23" count="2" type="stmt"/>
        <line num="24" count="2" type="stmt"/>
        <line num="25" count="2" type="stmt"/>
        <line num="28" count="2" type="stmt"/>
        <line num="31" count="2" type="stmt"/>
        <line num="32" count="2" type="stmt"/>
        <line num="33" count="2" type="stmt"/>
        <line num="43" count="2" type="stmt"/>
      </file>
      <file name="cartSlice.js" path="C:\Users\shrey\OneDrive\Documents\react_sprint\ShopEasy\src\store\slices\cartSlice.js">
        <metrics statements="28" coveredstatements="28" conditionals="10" coveredconditionals="10" methods="11" coveredmethods="11"/>
        <line num="2" count="5" type="stmt"/>
        <line num="7" count="5" type="stmt"/>
        <line num="12" count="3" type="stmt"/>
        <line num="14" count="3" type="stmt"/>
        <line num="16" count="3" type="cond" truecount="2" falsecount="0"/>
        <line num="17" count="1" type="stmt"/>
        <line num="19" count="2" type="stmt"/>
        <line num="25" count="3" type="stmt"/>
        <line num="28" count="2" type="stmt"/>
        <line num="30" count="2" type="stmt"/>
        <line num="31" count="2" type="cond" truecount="2" falsecount="0"/>
        <line num="33" count="1" type="stmt"/>
        <line num="35" count="2" type="stmt"/>
        <line num="39" count="2" type="stmt"/>
        <line num="40" count="2" type="stmt"/>
        <line num="42" count="2" type="cond" truecount="2" falsecount="0"/>
        <line num="43" count="1" type="stmt"/>
        <line num="44" count="1" type="stmt"/>
        <line num="49" count="3" type="stmt"/>
        <line num="51" count="3" type="stmt"/>
        <line num="53" count="3" type="cond" truecount="2" falsecount="0"/>
        <line num="55" count="2" type="stmt"/>
        <line num="56" count="2" type="stmt"/>
        <line num="58" count="2" type="cond" truecount="2" falsecount="0"/>
        <line num="59" count="1" type="stmt"/>
        <line num="63" count="2" type="stmt"/>
        <line num="64" count="2" type="stmt"/>
        <line num="75" count="5" type="stmt"/>
      </file>
      <file name="locationSlice.js" path="C:\Users\shrey\OneDrive\Documents\react_sprint\ShopEasy\src\store\slices\locationSlice.js">
        <metrics statements="7" coveredstatements="7" conditionals="0" coveredconditionals="0" methods="2" coveredmethods="2"/>
        <line num="3" count="2" type="stmt"/>
        <line num="8" count="2" type="stmt"/>
        <line num="13" count="2" type="stmt"/>
        <line num="14" count="2" type="stmt"/>
        <line num="18" count="2" type="stmt"/>
        <line num="19" count="2" type="stmt"/>
        <line num="27" count="2" type="stmt"/>
      </file>
      <file name="productSlice.js" path="C:\Users\shrey\OneDrive\Documents\react_sprint\ShopEasy\src\store\slices\productSlice.js">
        <metrics statements="24" coveredstatements="24" conditionals="2" coveredconditionals="2" methods="8" coveredmethods="8"/>
        <line num="3" count="2" type="stmt"/>
        <line num="12" count="2" type="stmt"/>
        <line num="17" count="2" type="stmt"/>
        <line num="18" count="2" type="stmt"/>
        <line num="19" count="2" type="stmt"/>
        <line num="23" count="2" type="stmt"/>
        <line num="27" count="3" type="stmt"/>
        <line num="29" count="3" type="stmt"/>
        <line num="31" count="3" type="stmt"/>
        <line num="32" count="9" type="stmt"/>
        <line num="37" count="3" type="stmt"/>
        <line num="39" count="3" type="stmt"/>
        <line num="41" count="3" type="cond" truecount="2" falsecount="0"/>
        <line num="42" count="1" type="stmt"/>
        <line num="44" count="2" type="stmt"/>
        <line num="45" count="6" type="stmt"/>
        <line num="51" count="1" type="stmt"/>
        <line num="52" count="1" type="stmt"/>
        <line num="53" count="1" type="stmt"/>
        <line num="54" count="1" type="stmt"/>
        <line num="55" count="1" type="stmt"/>
        <line num="58" count="1" type="stmt"/>
        <line num="59" count="1" type="stmt"/>
        <line num="71" count="2" type="stmt"/>
      </file>
      <file name="wishlistSlice.js" path="C:\Users\shrey\OneDrive\Documents\react_sprint\ShopEasy\src\store\slices\wishlistSlice.js">
        <metrics statements="15" coveredstatements="15" conditionals="4" coveredconditionals="4" methods="7" coveredmethods="7"/>
        <line num="3" count="3" type="stmt"/>
        <line num="7" count="3" type="stmt"/>
        <line num="12" count="3" type="stmt"/>
        <line num="13" count="2" type="stmt"/>
        <line num="16" count="3" type="cond" truecount="2" falsecount="0"/>
        <line num="17" count="2" type="stmt"/>
        <line num="22" count="2" type="stmt"/>
        <line num="23" count="3" type="stmt"/>
        <line num="28" count="2" type="stmt"/>
        <line num="29" count="1" type="stmt"/>
        <line num="32" count="2" type="cond" truecount="2" falsecount="0"/>
        <line num="33" count="1" type="stmt"/>
        <line num="35" count="1" type="stmt"/>
        <line num="40" count="2" type="stmt"/>
        <line num="50" count="3" type="stmt"/>
      </file>
    </package>
    <package name="theme">
      <metrics statements="12" coveredstatements="12" conditionals="26" coveredconditionals="13" methods="0" coveredmethods="0"/>
      <file name="colors.js" path="C:\Users\shrey\OneDrive\Documents\react_sprint\ShopEasy\src\theme\colors.js">
        <metrics statements="1" coveredstatements="1" conditionals="0" coveredconditionals="0" methods="0" coveredmethods="0"/>
        <line num="26" count="15" type="stmt"/>
      </file>
      <file name="radius.js" path="C:\Users\shrey\OneDrive\Documents\react_sprint\ShopEasy\src\theme\radius.js">
        <metrics statements="2" coveredstatements="2" conditionals="10" coveredconditionals="5" methods="0" coveredmethods="0"/>
        <line num="3" count="12" type="stmt"/>
        <line num="5" count="12" type="stmt"/>
      </file>
      <file name="shadows.js" path="C:\Users\shrey\OneDrive\Documents\react_sprint\ShopEasy\src\theme\shadows.js">
        <metrics statements="1" coveredstatements="1" conditionals="0" coveredconditionals="0" methods="0" coveredmethods="0"/>
        <line num="3" count="11" type="stmt"/>
      </file>
      <file name="spacing.js" path="C:\Users\shrey\OneDrive\Documents\react_sprint\ShopEasy\src\theme\spacing.js">
        <metrics statements="2" coveredstatements="2" conditionals="2" coveredconditionals="1" methods="0" coveredmethods="0"/>
        <line num="3" count="15" type="cond" truecount="1" falsecount="1"/>
        <line num="5" count="15" type="stmt"/>
      </file>
      <file name="typography.js" path="C:\Users\shrey\OneDrive\Documents\react_sprint\ShopEasy\src\theme\typography.js">
        <metrics statements="6" coveredstatements="6" conditionals="14" coveredconditionals="7" methods="0" coveredmethods="0"/>
        <line num="2" count="14" type="stmt"/>
        <line num="3" count="14" type="stmt"/>
        <line num="16" count="14" type="stmt"/>
        <line num="26" count="14" type="stmt"/>
        <line num="36" count="14" type="stmt"/>
        <line num="43" count="14" type="stmt"/>
      </file>
    </package>
    <package name="validation">
      <metrics statements="2" coveredstatements="2" conditionals="0" coveredconditionals="0" methods="0" coveredmethods="0"/>
      <file name="loginSchema.js" path="C:\Users\shrey\OneDrive\Documents\react_sprint\ShopEasy\src\validation\loginSchema.js">
        <metrics statements="1" coveredstatements="1" conditionals="0" coveredconditionals="0" methods="0" coveredmethods="0"/>
        <line num="3" count="2" type="stmt"/>
      </file>
      <file name="registrationSchema.js" path="C:\Users\shrey\OneDrive\Documents\react_sprint\ShopEasy\src\validation\registrationSchema.js">
        <metrics statements="1" coveredstatements="1" conditionals="0" coveredconditionals="0" methods="0" coveredmethods="0"/>
        <line num="3" count="2" type="stmt"/>
      </file>
    </package>
  </project>
</coverage>
