{"C:\\Users\\shrey\\OneDrive\\Documents\\react_sprint\\ShopEasy\\src\\components\\ImagePicker.jsx": {"path":"C:\\Users\\shrey\\OneDrive\\Documents\\react_sprint\\ShopEasy\\src\\components\\ImagePicker.jsx","statementMap":{"0":{"start":{"line":12,"column":6},"end":{"line":12,"column":61}},"1":{"start":{"line":13,"column":4},"end":{"line":16,"column":5}},"2":{"start":{"line":14,"column":6},"end":{"line":14,"column":47}},"3":{"start":{"line":15,"column":6},"end":{"line":15,"column":13}},"4":{"start":{"line":17,"column":19},"end":{"line":22,"column":6}},"5":{"start":{"line":23,"column":4},"end":{"line":28,"column":5}},"6":{"start":{"line":24,"column":23},"end":{"line":24,"column":43}},"7":{"start":{"line":25,"column":6},"end":{"line":27,"column":7}},"8":{"start":{"line":26,"column":8},"end":{"line":26,"column":34}},"9":{"start":{"line":31,"column":2},"end":{"line":43,"column":4}},"10":{"start":{"line":34,"column":32},"end":{"line":37,"column":9}},"11":{"start":{"line":47,"column":15},"end":{"line":67,"column":2}}},"fnMap":{"0":{"name":"ImagePickerComponent","decl":{"start":{"line":9,"column":24},"end":{"line":9,"column":44}},"loc":{"start":{"line":9,"column":66},"end":{"line":45,"column":1}},"line":9},"1":{"name":"pickImage","decl":{"start":{"line":10,"column":17},"end":{"line":10,"column":26}},"loc":{"start":{"line":10,"column":29},"end":{"line":29,"column":3}},"line":10},"2":{"name":"(anonymous_2)","decl":{"start":{"line":34,"column":15},"end":{"line":34,"column":16}},"loc":{"start":{"line":34,"column":32},"end":{"line":37,"column":9}},"line":34}},"branchMap":{"0":{"loc":{"start":{"line":13,"column":4},"end":{"line":16,"column":5}},"type":"if","locations":[{"start":{"line":13,"column":4},"end":{"line":16,"column":5}},{"start":{},"end":{}}],"line":13},"1":{"loc":{"start":{"line":23,"column":4},"end":{"line":28,"column":5}},"type":"if","locations":[{"start":{"line":23,"column":4},"end":{"line":28,"column":5}},{"start":{},"end":{}}],"line":23},"2":{"loc":{"start":{"line":25,"column":6},"end":{"line":27,"column":7}},"type":"if","locations":[{"start":{"line":25,"column":6},"end":{"line":27,"column":7}},{"start":{},"end":{}}],"line":25},"3":{"loc":{"start":{"line":36,"column":10},"end":{"line":36,"column":35}},"type":"binary-expr","locations":[{"start":{"line":36,"column":10},"end":{"line":36,"column":17}},{"start":{"line":36,"column":21},"end":{"line":36,"column":35}}],"line":36}},"s":{"0":5,"1":5,"2":1,"3":1,"4":4,"5":4,"6":2,"7":2,"8":1,"9":6,"10":6,"11":1},"f":{"0":6,"1":5,"2":6},"b":{"0":[1,4],"1":[2,2],"2":[1,1],"3":[6,0]},"_coverageSchema":"1a1c01bbd47fc00a2c39e90264f33305004495a9","hash":"c955e0a937d86d08f42c05f81f797acfb641ce2c"}
,"C:\\Users\\shrey\\OneDrive\\Documents\\react_sprint\\ShopEasy\\src\\components\\MapPicker.jsx": {"path":"C:\\Users\\shrey\\OneDrive\\Documents\\react_sprint\\ShopEasy\\src\\components\\MapPicker.jsx","statementMap":{"0":{"start":{"line":5,"column":13},"end":{"line":88,"column":1}},"1":{"start":{"line":94,"column":23},"end":{"line":94,"column":57}},"2":{"start":{"line":96,"column":8},"end":{"line":98,"column":9}},"3":{"start":{"line":97,"column":12},"end":{"line":97,"column":39}},"4":{"start":{"line":102,"column":4},"end":{"line":116,"column":6}},"5":{"start":{"line":120,"column":15},"end":{"line":124,"column":2}}},"fnMap":{"0":{"name":"MapPicker","decl":{"start":{"line":90,"column":24},"end":{"line":90,"column":33}},"loc":{"start":{"line":90,"column":58},"end":{"line":118,"column":1}},"line":90},"1":{"name":"handleMessage","decl":{"start":{"line":92,"column":13},"end":{"line":92,"column":26}},"loc":{"start":{"line":92,"column":33},"end":{"line":100,"column":5}},"line":92}},"branchMap":{"0":{"loc":{"start":{"line":96,"column":8},"end":{"line":98,"column":9}},"type":"if","locations":[{"start":{"line":96,"column":8},"end":{"line":98,"column":9}},{"start":{},"end":{}}],"line":96}},"s":{"0":1,"1":3,"2":2,"3":1,"4":4,"5":1},"f":{"0":4,"1":3},"b":{"0":[1,1]},"_coverageSchema":"1a1c01bbd47fc00a2c39e90264f33305004495a9","hash":"cf745dd31d4cee8aadc3b3d4efc1feb1da40a466"}
,"C:\\Users\\shrey\\OneDrive\\Documents\\react_sprint\\ShopEasy\\src\\components\\QRScanner.jsx": {"path":"C:\\Users\\shrey\\OneDrive\\Documents\\react_sprint\\ShopEasy\\src\\components\\QRScanner.jsx","statementMap":{"0":{"start":{"line":11,"column":42},"end":{"line":11,"column":64}},"1":{"start":{"line":12,"column":38},"end":{"line":12,"column":53}},"2":{"start":{"line":15,"column":4},"end":{"line":15,"column":25}},"3":{"start":{"line":17,"column":4},"end":{"line":19,"column":5}},"4":{"start":{"line":18,"column":6},"end":{"line":18,"column":24}},"5":{"start":{"line":22,"column":2},"end":{"line":24,"column":3}},"6":{"start":{"line":23,"column":4},"end":{"line":23,"column":16}},"7":{"start":{"line":26,"column":2},"end":{"line":40,"column":3}},"8":{"start":{"line":27,"column":4},"end":{"line":39,"column":6}},"9":{"start":{"line":30,"column":34},"end":{"line":33,"column":11}},"10":{"start":{"line":42,"column":2},"end":{"line":52,"column":3}},"11":{"start":{"line":43,"column":4},"end":{"line":51,"column":6}},"12":{"start":{"line":54,"column":2},"end":{"line":66,"column":4}},"13":{"start":{"line":57,"column":32},"end":{"line":60,"column":9}},"14":{"start":{"line":61,"column":23},"end":{"line":61,"column":42}},"15":{"start":{"line":69,"column":15},"end":{"line":96,"column":2}}},"fnMap":{"0":{"name":"QRScanner","decl":{"start":{"line":10,"column":24},"end":{"line":10,"column":33}},"loc":{"start":{"line":10,"column":51},"end":{"line":67,"column":1}},"line":10},"1":{"name":"handleQRcodeScanned","decl":{"start":{"line":14,"column":11},"end":{"line":14,"column":30}},"loc":{"start":{"line":14,"column":33},"end":{"line":20,"column":3}},"line":14},"2":{"name":"(anonymous_2)","decl":{"start":{"line":30,"column":17},"end":{"line":30,"column":18}},"loc":{"start":{"line":30,"column":34},"end":{"line":33,"column":11}},"line":30},"3":{"name":"(anonymous_3)","decl":{"start":{"line":57,"column":15},"end":{"line":57,"column":16}},"loc":{"start":{"line":57,"column":32},"end":{"line":60,"column":9}},"line":57},"4":{"name":"(anonymous_4)","decl":{"start":{"line":61,"column":17},"end":{"line":61,"column":18}},"loc":{"start":{"line":61,"column":23},"end":{"line":61,"column":42}},"line":61}},"branchMap":{"0":{"loc":{"start":{"line":17,"column":4},"end":{"line":19,"column":5}},"type":"if","locations":[{"start":{"line":17,"column":4},"end":{"line":19,"column":5}},{"start":{},"end":{}}],"line":17},"1":{"loc":{"start":{"line":22,"column":2},"end":{"line":24,"column":3}},"type":"if","locations":[{"start":{"line":22,"column":2},"end":{"line":24,"column":3}},{"start":{},"end":{}}],"line":22},"2":{"loc":{"start":{"line":26,"column":2},"end":{"line":40,"column":3}},"type":"if","locations":[{"start":{"line":26,"column":2},"end":{"line":40,"column":3}},{"start":{},"end":{}}],"line":26},"3":{"loc":{"start":{"line":32,"column":12},"end":{"line":32,"column":43}},"type":"binary-expr","locations":[{"start":{"line":32,"column":12},"end":{"line":32,"column":19}},{"start":{"line":32,"column":23},"end":{"line":32,"column":43}}],"line":32},"4":{"loc":{"start":{"line":42,"column":2},"end":{"line":52,"column":3}},"type":"if","locations":[{"start":{"line":42,"column":2},"end":{"line":52,"column":3}},{"start":{},"end":{}}],"line":42},"5":{"loc":{"start":{"line":59,"column":10},"end":{"line":59,"column":41}},"type":"binary-expr","locations":[{"start":{"line":59,"column":10},"end":{"line":59,"column":17}},{"start":{"line":59,"column":21},"end":{"line":59,"column":41}}],"line":59}},"s":{"0":12,"1":12,"2":2,"3":2,"4":1,"5":12,"6":1,"7":11,"8":2,"9":2,"10":9,"11":3,"12":6,"13":6,"14":3,"15":1},"f":{"0":12,"1":2,"2":2,"3":6,"4":3},"b":{"0":[1,1],"1":[1,11],"2":[2,9],"3":[2,0],"4":[3,6],"5":[6,0]},"_coverageSchema":"1a1c01bbd47fc00a2c39e90264f33305004495a9","hash":"748389a62b7dbeb42df104fd5ae0fa45d55b5ff8"}
,"C:\\Users\\shrey\\OneDrive\\Documents\\react_sprint\\ShopEasy\\src\\components\\cart\\CartItem.jsx": {"path":"C:\\Users\\shrey\\OneDrive\\Documents\\react_sprint\\ShopEasy\\src\\components\\cart\\CartItem.jsx","statementMap":{"0":{"start":{"line":24,"column":2},"end":{"line":80,"column":4}},"1":{"start":{"line":39,"column":27},"end":{"line":39,"column":43}},"2":{"start":{"line":53,"column":27},"end":{"line":53,"column":43}},"3":{"start":{"line":65,"column":32},"end":{"line":69,"column":9}},"4":{"start":{"line":71,"column":23},"end":{"line":71,"column":37}},"5":{"start":{"line":83,"column":15},"end":{"line":160,"column":2}}},"fnMap":{"0":{"name":"CartItem","decl":{"start":{"line":18,"column":24},"end":{"line":18,"column":32}},"loc":{"start":{"line":23,"column":3},"end":{"line":81,"column":1}},"line":23},"1":{"name":"(anonymous_1)","decl":{"start":{"line":39,"column":21},"end":{"line":39,"column":22}},"loc":{"start":{"line":39,"column":27},"end":{"line":39,"column":43}},"line":39},"2":{"name":"(anonymous_2)","decl":{"start":{"line":53,"column":21},"end":{"line":53,"column":22}},"loc":{"start":{"line":53,"column":27},"end":{"line":53,"column":43}},"line":53},"3":{"name":"(anonymous_3)","decl":{"start":{"line":65,"column":15},"end":{"line":65,"column":16}},"loc":{"start":{"line":65,"column":32},"end":{"line":69,"column":9}},"line":65},"4":{"name":"(anonymous_4)","decl":{"start":{"line":71,"column":17},"end":{"line":71,"column":18}},"loc":{"start":{"line":71,"column":23},"end":{"line":71,"column":37}},"line":71}},"branchMap":{"0":{"loc":{"start":{"line":67,"column":10},"end":{"line":68,"column":39}},"type":"binary-expr","locations":[{"start":{"line":67,"column":10},"end":{"line":67,"column":31}},{"start":{"line":68,"column":12},"end":{"line":68,"column":19}},{"start":{"line":68,"column":23},"end":{"line":68,"column":39}}],"line":67},"1":{"loc":{"start":{"line":89,"column":18},"end":{"line":89,"column":63}},"type":"cond-expr","locations":[{"start":{"line":89,"column":42},"end":{"line":89,"column":51}},{"start":{"line":89,"column":54},"end":{"line":89,"column":63}}],"line":89},"2":{"loc":{"start":{"line":96,"column":11},"end":{"line":96,"column":43}},"type":"cond-expr","locations":[{"start":{"line":96,"column":35},"end":{"line":96,"column":38}},{"start":{"line":96,"column":41},"end":{"line":96,"column":43}}],"line":96},"3":{"loc":{"start":{"line":97,"column":12},"end":{"line":97,"column":44}},"type":"cond-expr","locations":[{"start":{"line":97,"column":36},"end":{"line":97,"column":39}},{"start":{"line":97,"column":42},"end":{"line":97,"column":44}}],"line":97},"4":{"loc":{"start":{"line":100,"column":18},"end":{"line":100,"column":63}},"type":"cond-expr","locations":[{"start":{"line":100,"column":42},"end":{"line":100,"column":51}},{"start":{"line":100,"column":54},"end":{"line":100,"column":63}}],"line":100},"5":{"loc":{"start":{"line":134,"column":11},"end":{"line":134,"column":42}},"type":"cond-expr","locations":[{"start":{"line":134,"column":35},"end":{"line":134,"column":37}},{"start":{"line":134,"column":40},"end":{"line":134,"column":42}}],"line":134},"6":{"loc":{"start":{"line":135,"column":12},"end":{"line":135,"column":43}},"type":"cond-expr","locations":[{"start":{"line":135,"column":36},"end":{"line":135,"column":38}},{"start":{"line":135,"column":41},"end":{"line":135,"column":43}}],"line":135},"7":{"loc":{"start":{"line":141,"column":18},"end":{"line":141,"column":63}},"type":"cond-expr","locations":[{"start":{"line":141,"column":42},"end":{"line":141,"column":51}},{"start":{"line":141,"column":54},"end":{"line":141,"column":63}}],"line":141}},"s":{"0":4,"1":1,"2":1,"3":4,"4":1,"5":1},"f":{"0":4,"1":1,"2":1,"3":4,"4":1},"b":{"0":[4,4,0],"1":[1,0],"2":[1,0],"3":[1,0],"4":[1,0],"5":[1,0],"6":[1,0],"7":[1,0]},"_coverageSchema":"1a1c01bbd47fc00a2c39e90264f33305004495a9","hash":"8fb98926f1641db3d3ea1d5e64fc893207f0bbd2"}
,"C:\\Users\\shrey\\OneDrive\\Documents\\react_sprint\\ShopEasy\\src\\components\\product\\Price.jsx": {"path":"C:\\Users\\shrey\\OneDrive\\Documents\\react_sprint\\ShopEasy\\src\\components\\product\\Price.jsx","statementMap":{"0":{"start":{"line":12,"column":25},"end":{"line":12,"column":69}},"1":{"start":{"line":14,"column":2},"end":{"line":18,"column":4}},"2":{"start":{"line":21,"column":15},"end":{"line":35,"column":2}}},"fnMap":{"0":{"name":"Price","decl":{"start":{"line":7,"column":24},"end":{"line":7,"column":29}},"loc":{"start":{"line":11,"column":3},"end":{"line":19,"column":1}},"line":11}},"branchMap":{"0":{"loc":{"start":{"line":10,"column":2},"end":{"line":10,"column":16}},"type":"default-arg","locations":[{"start":{"line":10,"column":13},"end":{"line":10,"column":16}}],"line":10}},"s":{"0":4,"1":4,"2":1},"f":{"0":4},"b":{"0":[4]},"_coverageSchema":"1a1c01bbd47fc00a2c39e90264f33305004495a9","hash":"353e6f87d554bc2dff29148f5e22ad96437f0337"}
,"C:\\Users\\shrey\\OneDrive\\Documents\\react_sprint\\ShopEasy\\src\\components\\product\\ProductCard.jsx": {"path":"C:\\Users\\shrey\\OneDrive\\Documents\\react_sprint\\ShopEasy\\src\\components\\product\\ProductCard.jsx","statementMap":{"0":{"start":{"line":27,"column":2},"end":{"line":69,"column":4}},"1":{"start":{"line":29,"column":21},"end":{"line":29,"column":37}},"2":{"start":{"line":31,"column":30},"end":{"line":34,"column":7}},"3":{"start":{"line":64,"column":27},"end":{"line":64,"column":46}},"4":{"start":{"line":72,"column":15},"end":{"line":132,"column":2}}},"fnMap":{"0":{"name":"ProductCard","decl":{"start":{"line":21,"column":9},"end":{"line":21,"column":20}},"loc":{"start":{"line":26,"column":3},"end":{"line":70,"column":1}},"line":26},"1":{"name":"(anonymous_1)","decl":{"start":{"line":29,"column":15},"end":{"line":29,"column":16}},"loc":{"start":{"line":29,"column":21},"end":{"line":29,"column":37}},"line":29},"2":{"name":"(anonymous_2)","decl":{"start":{"line":31,"column":13},"end":{"line":31,"column":14}},"loc":{"start":{"line":31,"column":30},"end":{"line":34,"column":7}},"line":31},"3":{"name":"(anonymous_3)","decl":{"start":{"line":64,"column":21},"end":{"line":64,"column":22}},"loc":{"start":{"line":64,"column":27},"end":{"line":64,"column":46}},"line":64}},"branchMap":{"0":{"loc":{"start":{"line":33,"column":8},"end":{"line":33,"column":62}},"type":"binary-expr","locations":[{"start":{"line":33,"column":8},"end":{"line":33,"column":29}},{"start":{"line":33,"column":33},"end":{"line":33,"column":40}},{"start":{"line":33,"column":44},"end":{"line":33,"column":62}}],"line":33},"1":{"loc":{"start":{"line":79,"column":6},"end":{"line":81,"column":19}},"type":"cond-expr","locations":[{"start":{"line":80,"column":10},"end":{"line":80,"column":19}},{"start":{"line":81,"column":10},"end":{"line":81,"column":19}}],"line":79},"2":{"loc":{"start":{"line":97,"column":6},"end":{"line":99,"column":11}},"type":"cond-expr","locations":[{"start":{"line":98,"column":10},"end":{"line":98,"column":19}},{"start":{"line":99,"column":10},"end":{"line":99,"column":11}}],"line":97},"3":{"loc":{"start":{"line":101,"column":6},"end":{"line":103,"column":11}},"type":"cond-expr","locations":[{"start":{"line":102,"column":10},"end":{"line":102,"column":19}},{"start":{"line":103,"column":10},"end":{"line":103,"column":11}}],"line":101},"4":{"loc":{"start":{"line":114,"column":15},"end":{"line":114,"column":46}},"type":"cond-expr","locations":[{"start":{"line":114,"column":39},"end":{"line":114,"column":41}},{"start":{"line":114,"column":44},"end":{"line":114,"column":46}}],"line":114},"5":{"loc":{"start":{"line":123,"column":6},"end":{"line":123,"column":39}},"type":"cond-expr","locations":[{"start":{"line":123,"column":30},"end":{"line":123,"column":33}},{"start":{"line":123,"column":36},"end":{"line":123,"column":39}}],"line":123},"6":{"loc":{"start":{"line":130,"column":15},"end":{"line":130,"column":44}},"type":"cond-expr","locations":[{"start":{"line":130,"column":39},"end":{"line":130,"column":40}},{"start":{"line":130,"column":43},"end":{"line":130,"column":44}}],"line":130}},"s":{"0":4,"1":1,"2":4,"3":1,"4":1},"f":{"0":4,"1":1,"2":4,"3":1},"b":{"0":[4,4,0],"1":[1,0],"2":[1,0],"3":[1,0],"4":[1,0],"5":[1,0],"6":[1,0]},"_coverageSchema":"1a1c01bbd47fc00a2c39e90264f33305004495a9","hash":"43cd0906ab2ddcdbcf0648d6e92c02d24a1ff4c1"}
,"C:\\Users\\shrey\\OneDrive\\Documents\\react_sprint\\ShopEasy\\src\\components\\product\\Rating.jsx": {"path":"C:\\Users\\shrey\\OneDrive\\Documents\\react_sprint\\ShopEasy\\src\\components\\product\\Rating.jsx","statementMap":{"0":{"start":{"line":18,"column":2},"end":{"line":28,"column":4}},"1":{"start":{"line":31,"column":15},"end":{"line":51,"column":2}}},"fnMap":{"0":{"name":"Rating","decl":{"start":{"line":14,"column":24},"end":{"line":14,"column":30}},"loc":{"start":{"line":17,"column":3},"end":{"line":29,"column":1}},"line":17}},"branchMap":{"0":{"loc":{"start":{"line":16,"column":2},"end":{"line":16,"column":40}},"type":"default-arg","locations":[{"start":{"line":16,"column":9},"end":{"line":16,"column":40}}],"line":16},"1":{"loc":{"start":{"line":16,"column":9},"end":{"line":16,"column":40}},"type":"cond-expr","locations":[{"start":{"line":16,"column":33},"end":{"line":16,"column":35}},{"start":{"line":16,"column":38},"end":{"line":16,"column":40}}],"line":16}},"s":{"0":4,"1":1},"f":{"0":4},"b":{"0":[4],"1":[4,0]},"_coverageSchema":"1a1c01bbd47fc00a2c39e90264f33305004495a9","hash":"d52471fdfabc104c60f6ff9de3c4f12cfd6893f0"}
,"C:\\Users\\shrey\\OneDrive\\Documents\\react_sprint\\ShopEasy\\src\\components\\product\\WishListButton.jsx": {"path":"C:\\Users\\shrey\\OneDrive\\Documents\\react_sprint\\ShopEasy\\src\\components\\product\\WishListButton.jsx","statementMap":{"0":{"start":{"line":16,"column":2},"end":{"line":36,"column":4}},"1":{"start":{"line":23,"column":30},"end":{"line":28,"column":7}},"2":{"start":{"line":39,"column":15},"end":{"line":51,"column":2}}},"fnMap":{"0":{"name":"WishlistButton","decl":{"start":{"line":12,"column":24},"end":{"line":12,"column":38}},"loc":{"start":{"line":15,"column":3},"end":{"line":37,"column":1}},"line":15},"1":{"name":"(anonymous_1)","decl":{"start":{"line":23,"column":13},"end":{"line":23,"column":14}},"loc":{"start":{"line":23,"column":30},"end":{"line":28,"column":7}},"line":23}},"branchMap":{"0":{"loc":{"start":{"line":13,"column":2},"end":{"line":13,"column":15}},"type":"default-arg","locations":[{"start":{"line":13,"column":10},"end":{"line":13,"column":15}}],"line":13},"1":{"loc":{"start":{"line":25,"column":8},"end":{"line":27,"column":24}},"type":"binary-expr","locations":[{"start":{"line":25,"column":8},"end":{"line":25,"column":29}},{"start":{"line":26,"column":10},"end":{"line":26,"column":17}},{"start":{"line":27,"column":10},"end":{"line":27,"column":24}}],"line":25},"2":{"loc":{"start":{"line":31,"column":14},"end":{"line":31,"column":47}},"type":"cond-expr","locations":[{"start":{"line":31,"column":22},"end":{"line":31,"column":29}},{"start":{"line":31,"column":32},"end":{"line":31,"column":47}}],"line":31},"3":{"loc":{"start":{"line":32,"column":14},"end":{"line":32,"column":45}},"type":"cond-expr","locations":[{"start":{"line":32,"column":38},"end":{"line":32,"column":40}},{"start":{"line":32,"column":43},"end":{"line":32,"column":45}}],"line":32}},"s":{"0":4,"1":4,"2":1},"f":{"0":4,"1":4},"b":{"0":[0],"1":[4,4,0],"2":[1,3],"3":[4,0]},"_coverageSchema":"1a1c01bbd47fc00a2c39e90264f33305004495a9","hash":"a63a050bdd02510bebaccb69108694ba85ab625f"}
,"C:\\Users\\shrey\\OneDrive\\Documents\\react_sprint\\ShopEasy\\src\\components\\search\\SearchBar.jsx": {"path":"C:\\Users\\shrey\\OneDrive\\Documents\\react_sprint\\ShopEasy\\src\\components\\search\\SearchBar.jsx","statementMap":{"0":{"start":{"line":12,"column":4},"end":{"line":31,"column":6}},"1":{"start":{"line":34,"column":15},"end":{"line":55,"column":2}}},"fnMap":{"0":{"name":"SearchBar","decl":{"start":{"line":10,"column":24},"end":{"line":10,"column":33}},"loc":{"start":{"line":11,"column":3},"end":{"line":32,"column":1}},"line":11}},"branchMap":{"0":{"loc":{"start":{"line":10,"column":54},"end":{"line":10,"column":88}},"type":"default-arg","locations":[{"start":{"line":10,"column":68},"end":{"line":10,"column":88}}],"line":10}},"s":{"0":3,"1":1},"f":{"0":3},"b":{"0":[2]},"_coverageSchema":"1a1c01bbd47fc00a2c39e90264f33305004495a9","hash":"5e2a72e6c2506cf7c0d678e106dd4faff4e3d800"}
,"C:\\Users\\shrey\\OneDrive\\Documents\\react_sprint\\ShopEasy\\src\\screens\\Address\\AddressFormScreen.jsx": {"path":"C:\\Users\\shrey\\OneDrive\\Documents\\react_sprint\\ShopEasy\\src\\screens\\Address\\AddressFormScreen.jsx","statementMap":{"0":{"start":{"line":30,"column":32},"end":{"line":41,"column":2}},"1":{"start":{"line":44,"column":19},"end":{"line":44,"column":32}},"2":{"start":{"line":46,"column":20},"end":{"line":46,"column":43}},"3":{"start":{"line":48,"column":15},"end":{"line":48,"column":54}},"4":{"start":{"line":48,"column":38},"end":{"line":48,"column":53}},"5":{"start":{"line":50,"column":19},"end":{"line":50,"column":57}},"6":{"start":{"line":50,"column":42},"end":{"line":50,"column":56}},"7":{"start":{"line":52,"column":28},"end":{"line":52,"column":46}},"8":{"start":{"line":53,"column":29},"end":{"line":53,"column":48}},"9":{"start":{"line":55,"column":36},"end":{"line":55,"column":51}},"10":{"start":{"line":57,"column":17},"end":{"line":70,"column":4}},"11":{"start":{"line":72,"column":2},"end":{"line":78,"column":9}},"12":{"start":{"line":73,"column":4},"end":{"line":73,"column":30}},"13":{"start":{"line":75,"column":4},"end":{"line":77,"column":5}},"14":{"start":{"line":76,"column":6},"end":{"line":76,"column":20}},"15":{"start":{"line":80,"column":2},"end":{"line":86,"column":46}},"16":{"start":{"line":81,"column":4},"end":{"line":81,"column":74}},"17":{"start":{"line":82,"column":4},"end":{"line":85,"column":5}},"18":{"start":{"line":83,"column":6},"end":{"line":83,"column":66}},"19":{"start":{"line":84,"column":6},"end":{"line":84,"column":68}},"20":{"start":{"line":89,"column":4},"end":{"line":105,"column":5}},"21":{"start":{"line":90,"column":22},"end":{"line":90,"column":49}},"22":{"start":{"line":92,"column":6},"end":{"line":101,"column":9}},"23":{"start":{"line":102,"column":6},"end":{"line":102,"column":38}},"24":{"start":{"line":104,"column":6},"end":{"line":104,"column":25}},"25":{"start":{"line":109,"column":4},"end":{"line":143,"column":5}},"26":{"start":{"line":110,"column":6},"end":{"line":113,"column":7}},"27":{"start":{"line":111,"column":8},"end":{"line":111,"column":48}},"28":{"start":{"line":112,"column":8},"end":{"line":112,"column":15}},"29":{"start":{"line":115,"column":26},"end":{"line":126,"column":7}},"30":{"start":{"line":128,"column":6},"end":{"line":136,"column":7}},"31":{"start":{"line":129,"column":8},"end":{"line":129,"column":52}},"32":{"start":{"line":131,"column":8},"end":{"line":131,"column":51}},"33":{"start":{"line":133,"column":8},"end":{"line":133,"column":38}},"34":{"start":{"line":135,"column":8},"end":{"line":135,"column":49}},"35":{"start":{"line":138,"column":6},"end":{"line":138,"column":32}},"36":{"start":{"line":140,"column":6},"end":{"line":140,"column":26}},"37":{"start":{"line":142,"column":6},"end":{"line":142,"column":25}},"38":{"start":{"line":146,"column":2},"end":{"line":319,"column":4}},"39":{"start":{"line":265,"column":36},"end":{"line":268,"column":13}},"40":{"start":{"line":269,"column":27},"end":{"line":269,"column":62}},"41":{"start":{"line":275,"column":36},"end":{"line":278,"column":13}},"42":{"start":{"line":287,"column":36},"end":{"line":291,"column":13}},"43":{"start":{"line":292,"column":27},"end":{"line":292,"column":51}},"44":{"start":{"line":305,"column":36},"end":{"line":308,"column":13}},"45":{"start":{"line":310,"column":14},"end":{"line":310,"column":40}},"46":{"start":{"line":311,"column":14},"end":{"line":311,"column":34}},"47":{"start":{"line":322,"column":15},"end":{"line":422,"column":2}}},"fnMap":{"0":{"name":"AddressFormScreen","decl":{"start":{"line":43,"column":24},"end":{"line":43,"column":41}},"loc":{"start":{"line":43,"column":65},"end":{"line":320,"column":1}},"line":43},"1":{"name":"(anonymous_1)","decl":{"start":{"line":48,"column":27},"end":{"line":48,"column":28}},"loc":{"start":{"line":48,"column":38},"end":{"line":48,"column":53}},"line":48},"2":{"name":"(anonymous_2)","decl":{"start":{"line":50,"column":31},"end":{"line":50,"column":32}},"loc":{"start":{"line":50,"column":42},"end":{"line":50,"column":56}},"line":50},"3":{"name":"(anonymous_3)","decl":{"start":{"line":72,"column":12},"end":{"line":72,"column":13}},"loc":{"start":{"line":72,"column":18},"end":{"line":78,"column":3}},"line":72},"4":{"name":"(anonymous_4)","decl":{"start":{"line":80,"column":12},"end":{"line":80,"column":13}},"loc":{"start":{"line":80,"column":18},"end":{"line":86,"column":3}},"line":80},"5":{"name":"loadAddress","decl":{"start":{"line":88,"column":17},"end":{"line":88,"column":28}},"loc":{"start":{"line":88,"column":31},"end":{"line":106,"column":3}},"line":88},"6":{"name":"handleSave","decl":{"start":{"line":108,"column":17},"end":{"line":108,"column":27}},"loc":{"start":{"line":108,"column":36},"end":{"line":144,"column":3}},"line":108},"7":{"name":"(anonymous_7)","decl":{"start":{"line":265,"column":19},"end":{"line":265,"column":20}},"loc":{"start":{"line":265,"column":36},"end":{"line":268,"column":13}},"line":265},"8":{"name":"(anonymous_8)","decl":{"start":{"line":269,"column":21},"end":{"line":269,"column":22}},"loc":{"start":{"line":269,"column":27},"end":{"line":269,"column":62}},"line":269},"9":{"name":"(anonymous_9)","decl":{"start":{"line":275,"column":19},"end":{"line":275,"column":20}},"loc":{"start":{"line":275,"column":36},"end":{"line":278,"column":13}},"line":275},"10":{"name":"(anonymous_10)","decl":{"start":{"line":287,"column":19},"end":{"line":287,"column":20}},"loc":{"start":{"line":287,"column":36},"end":{"line":291,"column":13}},"line":287},"11":{"name":"(anonymous_11)","decl":{"start":{"line":292,"column":21},"end":{"line":292,"column":22}},"loc":{"start":{"line":292,"column":27},"end":{"line":292,"column":51}},"line":292},"12":{"name":"(anonymous_12)","decl":{"start":{"line":305,"column":19},"end":{"line":305,"column":20}},"loc":{"start":{"line":305,"column":36},"end":{"line":308,"column":13}},"line":305},"13":{"name":"(anonymous_13)","decl":{"start":{"line":309,"column":21},"end":{"line":309,"column":22}},"loc":{"start":{"line":309,"column":27},"end":{"line":312,"column":13}},"line":309}},"branchMap":{"0":{"loc":{"start":{"line":75,"column":4},"end":{"line":77,"column":5}},"type":"if","locations":[{"start":{"line":75,"column":4},"end":{"line":77,"column":5}},{"start":{},"end":{}}],"line":75},"1":{"loc":{"start":{"line":82,"column":4},"end":{"line":85,"column":5}},"type":"if","locations":[{"start":{"line":82,"column":4},"end":{"line":85,"column":5}},{"start":{},"end":{}}],"line":82},"2":{"loc":{"start":{"line":82,"column":8},"end":{"line":82,"column":63}},"type":"binary-expr","locations":[{"start":{"line":82,"column":8},"end":{"line":82,"column":33}},{"start":{"line":82,"column":37},"end":{"line":82,"column":63}}],"line":82},"3":{"loc":{"start":{"line":110,"column":6},"end":{"line":113,"column":7}},"type":"if","locations":[{"start":{"line":110,"column":6},"end":{"line":113,"column":7}},{"start":{},"end":{}}],"line":110},"4":{"loc":{"start":{"line":128,"column":6},"end":{"line":136,"column":7}},"type":"if","locations":[{"start":{"line":128,"column":6},"end":{"line":136,"column":7}},{"start":{"line":132,"column":13},"end":{"line":136,"column":7}}],"line":128},"5":{"loc":{"start":{"line":149,"column":16},"end":{"line":149,"column":60}},"type":"cond-expr","locations":[{"start":{"line":149,"column":40},"end":{"line":149,"column":49}},{"start":{"line":149,"column":52},"end":{"line":149,"column":60}}],"line":149},"6":{"loc":{"start":{"line":156,"column":11},"end":{"line":156,"column":53}},"type":"cond-expr","locations":[{"start":{"line":156,"column":23},"end":{"line":156,"column":37}},{"start":{"line":156,"column":40},"end":{"line":156,"column":53}}],"line":156},"7":{"loc":{"start":{"line":170,"column":11},"end":{"line":172,"column":11}},"type":"binary-expr","locations":[{"start":{"line":170,"column":11},"end":{"line":170,"column":31}},{"start":{"line":170,"column":35},"end":{"line":170,"column":54}},{"start":{"line":171,"column":12},"end":{"line":171,"column":46}}],"line":170},"8":{"loc":{"start":{"line":183,"column":11},"end":{"line":185,"column":11}},"type":"binary-expr","locations":[{"start":{"line":183,"column":11},"end":{"line":183,"column":37}},{"start":{"line":183,"column":41},"end":{"line":183,"column":66}},{"start":{"line":184,"column":12},"end":{"line":184,"column":52}}],"line":183},"9":{"loc":{"start":{"line":196,"column":11},"end":{"line":198,"column":11}},"type":"binary-expr","locations":[{"start":{"line":196,"column":11},"end":{"line":196,"column":30}},{"start":{"line":196,"column":34},"end":{"line":196,"column":52}},{"start":{"line":197,"column":12},"end":{"line":197,"column":45}}],"line":196},"10":{"loc":{"start":{"line":209,"column":11},"end":{"line":211,"column":11}},"type":"binary-expr","locations":[{"start":{"line":209,"column":11},"end":{"line":209,"column":31}},{"start":{"line":209,"column":35},"end":{"line":209,"column":54}},{"start":{"line":210,"column":12},"end":{"line":210,"column":46}}],"line":209},"11":{"loc":{"start":{"line":223,"column":11},"end":{"line":225,"column":11}},"type":"binary-expr","locations":[{"start":{"line":223,"column":11},"end":{"line":223,"column":33}},{"start":{"line":223,"column":37},"end":{"line":223,"column":58}},{"start":{"line":224,"column":12},"end":{"line":224,"column":48}}],"line":223},"12":{"loc":{"start":{"line":236,"column":11},"end":{"line":238,"column":11}},"type":"binary-expr","locations":[{"start":{"line":236,"column":11},"end":{"line":236,"column":33}},{"start":{"line":236,"column":37},"end":{"line":236,"column":58}},{"start":{"line":237,"column":12},"end":{"line":237,"column":48}}],"line":236},"13":{"loc":{"start":{"line":248,"column":11},"end":{"line":250,"column":11}},"type":"binary-expr","locations":[{"start":{"line":248,"column":11},"end":{"line":248,"column":34}},{"start":{"line":248,"column":38},"end":{"line":248,"column":60}},{"start":{"line":249,"column":12},"end":{"line":249,"column":49}}],"line":248},"14":{"loc":{"start":{"line":260,"column":11},"end":{"line":262,"column":11}},"type":"binary-expr","locations":[{"start":{"line":260,"column":11},"end":{"line":260,"column":35}},{"start":{"line":260,"column":39},"end":{"line":260,"column":62}},{"start":{"line":261,"column":12},"end":{"line":261,"column":50}}],"line":260},"15":{"loc":{"start":{"line":267,"column":14},"end":{"line":267,"column":45}},"type":"binary-expr","locations":[{"start":{"line":267,"column":14},"end":{"line":267,"column":21}},{"start":{"line":267,"column":25},"end":{"line":267,"column":45}}],"line":267},"16":{"loc":{"start":{"line":277,"column":14},"end":{"line":277,"column":52}},"type":"binary-expr","locations":[{"start":{"line":277,"column":14},"end":{"line":277,"column":21}},{"start":{"line":277,"column":25},"end":{"line":277,"column":52}}],"line":277},"17":{"loc":{"start":{"line":282,"column":15},"end":{"line":282,"column":60}},"type":"cond-expr","locations":[{"start":{"line":282,"column":27},"end":{"line":282,"column":43}},{"start":{"line":282,"column":46},"end":{"line":282,"column":60}}],"line":282},"18":{"loc":{"start":{"line":289,"column":14},"end":{"line":289,"column":48}},"type":"binary-expr","locations":[{"start":{"line":289,"column":14},"end":{"line":289,"column":23}},{"start":{"line":289,"column":27},"end":{"line":289,"column":48}}],"line":289},"19":{"loc":{"start":{"line":290,"column":14},"end":{"line":290,"column":45}},"type":"binary-expr","locations":[{"start":{"line":290,"column":14},"end":{"line":290,"column":21}},{"start":{"line":290,"column":25},"end":{"line":290,"column":45}}],"line":290},"20":{"loc":{"start":{"line":297,"column":16},"end":{"line":297,"column":54}},"type":"binary-expr","locations":[{"start":{"line":297,"column":16},"end":{"line":297,"column":25}},{"start":{"line":297,"column":29},"end":{"line":297,"column":54}}],"line":297},"21":{"loc":{"start":{"line":300,"column":15},"end":{"line":300,"column":63}},"type":"cond-expr","locations":[{"start":{"line":300,"column":27},"end":{"line":300,"column":44}},{"start":{"line":300,"column":47},"end":{"line":300,"column":63}}],"line":300},"22":{"loc":{"start":{"line":307,"column":14},"end":{"line":307,"column":45}},"type":"binary-expr","locations":[{"start":{"line":307,"column":14},"end":{"line":307,"column":21}},{"start":{"line":307,"column":25},"end":{"line":307,"column":45}}],"line":307}},"s":{"0":1,"1":48,"2":48,"3":48,"4":48,"5":48,"6":48,"7":48,"8":48,"9":48,"10":48,"11":48,"12":7,"13":7,"14":1,"15":48,"16":7,"17":7,"18":3,"19":3,"20":1,"21":1,"22":1,"23":1,"24":0,"25":3,"26":3,"27":1,"28":1,"29":2,"30":2,"31":1,"32":1,"33":1,"34":1,"35":2,"36":2,"37":0,"38":48,"39":48,"40":1,"41":48,"42":48,"43":0,"44":48,"45":1,"46":1,"47":1},"f":{"0":48,"1":48,"2":48,"3":7,"4":7,"5":1,"6":3,"7":48,"8":1,"9":48,"10":48,"11":0,"12":48,"13":1},"b":{"0":[1,6],"1":[3,4],"2":[7,3],"3":[1,2],"4":[1,1],"5":[48,0],"6":[6,42],"7":[48,8,1],"8":[48,8,1],"9":[48,8,1],"10":[48,8,1],"11":[48,8,1],"12":[48,8,1],"13":[48,8,1],"14":[48,8,1],"15":[48,0],"16":[48,0],"17":[6,42],"18":[48,5],"19":[48,0],"20":[48,5],"21":[5,43],"22":[48,0]},"_coverageSchema":"1a1c01bbd47fc00a2c39e90264f33305004495a9","hash":"ec89d3a80e33a9a12297709dada1d9249a6e3cf0"}
,"C:\\Users\\shrey\\OneDrive\\Documents\\react_sprint\\ShopEasy\\src\\screens\\Auth\\LoginScreen.jsx": {"path":"C:\\Users\\shrey\\OneDrive\\Documents\\react_sprint\\ShopEasy\\src\\screens\\Auth\\LoginScreen.jsx","statementMap":{"0":{"start":{"line":27,"column":19},"end":{"line":27,"column":32}},"1":{"start":{"line":28,"column":37},"end":{"line":28,"column":52}},"2":{"start":{"line":30,"column":22},"end":{"line":71,"column":3}},"3":{"start":{"line":31,"column":4},"end":{"line":31,"column":31}},"4":{"start":{"line":32,"column":4},"end":{"line":32,"column":26}},"5":{"start":{"line":34,"column":4},"end":{"line":70,"column":5}},"6":{"start":{"line":35,"column":21},"end":{"line":35,"column":67}},"7":{"start":{"line":37,"column":6},"end":{"line":37,"column":52}},"8":{"start":{"line":39,"column":26},"end":{"line":39,"column":42}},"9":{"start":{"line":41,"column":6},"end":{"line":41,"column":49}},"10":{"start":{"line":42,"column":6},"end":{"line":42,"column":48}},"11":{"start":{"line":44,"column":6},"end":{"line":46,"column":7}},"12":{"start":{"line":45,"column":8},"end":{"line":45,"column":43}},"13":{"start":{"line":48,"column":6},"end":{"line":53,"column":8}},"14":{"start":{"line":55,"column":6},"end":{"line":55,"column":49}},"15":{"start":{"line":57,"column":6},"end":{"line":57,"column":38}},"16":{"start":{"line":59,"column":6},"end":{"line":59,"column":45}},"17":{"start":{"line":61,"column":6},"end":{"line":61,"column":39}},"18":{"start":{"line":62,"column":6},"end":{"line":62,"column":43}},"19":{"start":{"line":63,"column":6},"end":{"line":63,"column":45}},"20":{"start":{"line":64,"column":6},"end":{"line":64,"column":43}},"21":{"start":{"line":66,"column":6},"end":{"line":66,"column":47}},"22":{"start":{"line":68,"column":6},"end":{"line":68,"column":34}},"23":{"start":{"line":69,"column":6},"end":{"line":69,"column":29}},"24":{"start":{"line":73,"column":2},"end":{"line":166,"column":4}},"25":{"start":{"line":98,"column":14},"end":{"line":152,"column":21}},"26":{"start":{"line":142,"column":42},"end":{"line":146,"column":19}},"27":{"start":{"line":159,"column":38},"end":{"line":159,"column":73}},"28":{"start":{"line":169,"column":15},"end":{"line":279,"column":2}}},"fnMap":{"0":{"name":"LoginScreen","decl":{"start":{"line":26,"column":24},"end":{"line":26,"column":35}},"loc":{"start":{"line":26,"column":52},"end":{"line":167,"column":1}},"line":26},"1":{"name":"(anonymous_1)","decl":{"start":{"line":30,"column":22},"end":{"line":30,"column":23}},"loc":{"start":{"line":30,"column":40},"end":{"line":71,"column":3}},"line":30},"2":{"name":"(anonymous_2)","decl":{"start":{"line":90,"column":13},"end":{"line":90,"column":14}},"loc":{"start":{"line":98,"column":14},"end":{"line":152,"column":21}},"line":98},"3":{"name":"(anonymous_3)","decl":{"start":{"line":142,"column":25},"end":{"line":142,"column":26}},"loc":{"start":{"line":142,"column":42},"end":{"line":146,"column":19}},"line":142},"4":{"name":"(anonymous_4)","decl":{"start":{"line":159,"column":32},"end":{"line":159,"column":33}},"loc":{"start":{"line":159,"column":38},"end":{"line":159,"column":73}},"line":159}},"branchMap":{"0":{"loc":{"start":{"line":44,"column":6},"end":{"line":46,"column":7}},"type":"if","locations":[{"start":{"line":44,"column":6},"end":{"line":46,"column":7}},{"start":{},"end":{}}],"line":44},"1":{"loc":{"start":{"line":75,"column":58},"end":{"line":75,"column":102}},"type":"cond-expr","locations":[{"start":{"line":75,"column":82},"end":{"line":75,"column":91}},{"start":{"line":75,"column":94},"end":{"line":75,"column":102}}],"line":75},"2":{"loc":{"start":{"line":114,"column":19},"end":{"line":116,"column":19}},"type":"binary-expr","locations":[{"start":{"line":114,"column":19},"end":{"line":114,"column":32}},{"start":{"line":114,"column":36},"end":{"line":114,"column":48}},{"start":{"line":115,"column":20},"end":{"line":115,"column":68}}],"line":114},"3":{"loc":{"start":{"line":133,"column":19},"end":{"line":135,"column":19}},"type":"binary-expr","locations":[{"start":{"line":133,"column":19},"end":{"line":133,"column":35}},{"start":{"line":133,"column":39},"end":{"line":133,"column":54}},{"start":{"line":134,"column":20},"end":{"line":134,"column":71}}],"line":133},"4":{"loc":{"start":{"line":144,"column":20},"end":{"line":144,"column":88}},"type":"binary-expr","locations":[{"start":{"line":144,"column":20},"end":{"line":144,"column":41}},{"start":{"line":144,"column":45},"end":{"line":144,"column":52}},{"start":{"line":144,"column":56},"end":{"line":144,"column":64}},{"start":{"line":144,"column":68},"end":{"line":144,"column":88}}],"line":144},"5":{"loc":{"start":{"line":145,"column":20},"end":{"line":145,"column":47}},"type":"binary-expr","locations":[{"start":{"line":145,"column":20},"end":{"line":145,"column":27}},{"start":{"line":145,"column":31},"end":{"line":145,"column":47}}],"line":145},"6":{"loc":{"start":{"line":149,"column":21},"end":{"line":149,"column":56}},"type":"cond-expr","locations":[{"start":{"line":149,"column":31},"end":{"line":149,"column":46}},{"start":{"line":149,"column":49},"end":{"line":149,"column":56}}],"line":149},"7":{"loc":{"start":{"line":175,"column":14},"end":{"line":175,"column":56}},"type":"cond-expr","locations":[{"start":{"line":175,"column":42},"end":{"line":175,"column":52}},{"start":{"line":175,"column":55},"end":{"line":175,"column":56}}],"line":175},"8":{"loc":{"start":{"line":199,"column":16},"end":{"line":199,"column":47}},"type":"cond-expr","locations":[{"start":{"line":199,"column":40},"end":{"line":199,"column":42}},{"start":{"line":199,"column":45},"end":{"line":199,"column":47}}],"line":199},"9":{"loc":{"start":{"line":217,"column":10},"end":{"line":217,"column":41}},"type":"cond-expr","locations":[{"start":{"line":217,"column":34},"end":{"line":217,"column":36}},{"start":{"line":217,"column":39},"end":{"line":217,"column":41}}],"line":217},"10":{"loc":{"start":{"line":220,"column":16},"end":{"line":220,"column":46}},"type":"cond-expr","locations":[{"start":{"line":220,"column":40},"end":{"line":220,"column":42}},{"start":{"line":220,"column":45},"end":{"line":220,"column":46}}],"line":220},"11":{"loc":{"start":{"line":222,"column":19},"end":{"line":222,"column":49}},"type":"cond-expr","locations":[{"start":{"line":222,"column":43},"end":{"line":222,"column":45}},{"start":{"line":222,"column":48},"end":{"line":222,"column":49}}],"line":222},"12":{"loc":{"start":{"line":235,"column":12},"end":{"line":235,"column":43}},"type":"cond-expr","locations":[{"start":{"line":235,"column":36},"end":{"line":235,"column":38}},{"start":{"line":235,"column":41},"end":{"line":235,"column":43}}],"line":235},"13":{"loc":{"start":{"line":239,"column":18},"end":{"line":239,"column":48}},"type":"cond-expr","locations":[{"start":{"line":239,"column":42},"end":{"line":239,"column":44}},{"start":{"line":239,"column":47},"end":{"line":239,"column":48}}],"line":239}},"s":{"0":9,"1":9,"2":9,"3":3,"4":3,"5":3,"6":3,"7":2,"8":2,"9":2,"10":2,"11":2,"12":1,"13":1,"14":1,"15":1,"16":1,"17":2,"18":2,"19":2,"20":2,"21":2,"22":3,"23":3,"24":9,"25":26,"26":26,"27":1,"28":1},"f":{"0":9,"1":3,"2":26,"3":26,"4":1},"b":{"0":[1,1],"1":[9,0],"2":[26,8,1],"3":[26,8,1],"4":[26,26,0,0],"5":[26,0],"6":[0,26],"7":[0,1],"8":[1,0],"9":[1,0],"10":[1,0],"11":[1,0],"12":[1,0],"13":[1,0]},"_coverageSchema":"1a1c01bbd47fc00a2c39e90264f33305004495a9","hash":"b8b32cbded01cc1157c79dbd27c7ff5d4c1229d5"}
,"C:\\Users\\shrey\\OneDrive\\Documents\\react_sprint\\ShopEasy\\src\\screens\\Auth\\RegistrationScreen.jsx": {"path":"C:\\Users\\shrey\\OneDrive\\Documents\\react_sprint\\ShopEasy\\src\\screens\\Auth\\RegistrationScreen.jsx","statementMap":{"0":{"start":{"line":26,"column":44},"end":{"line":26,"column":59}},"1":{"start":{"line":28,"column":29},"end":{"line":65,"column":3}},"2":{"start":{"line":29,"column":4},"end":{"line":29,"column":40}},"3":{"start":{"line":31,"column":4},"end":{"line":64,"column":5}},"4":{"start":{"line":32,"column":6},"end":{"line":32,"column":29}},"5":{"start":{"line":34,"column":23},"end":{"line":38,"column":7}},"6":{"start":{"line":40,"column":6},"end":{"line":40,"column":62}},"7":{"start":{"line":42,"column":6},"end":{"line":42,"column":56}},"8":{"start":{"line":44,"column":26},"end":{"line":44,"column":42}},"9":{"start":{"line":46,"column":6},"end":{"line":46,"column":51}},"10":{"start":{"line":47,"column":6},"end":{"line":47,"column":48}},"11":{"start":{"line":49,"column":6},"end":{"line":51,"column":7}},"12":{"start":{"line":50,"column":8},"end":{"line":50,"column":43}},"13":{"start":{"line":53,"column":6},"end":{"line":53,"column":48}},"14":{"start":{"line":55,"column":6},"end":{"line":55,"column":45}},"15":{"start":{"line":57,"column":6},"end":{"line":57,"column":32}},"16":{"start":{"line":59,"column":6},"end":{"line":59,"column":23}},"17":{"start":{"line":61,"column":6},"end":{"line":61,"column":54}},"18":{"start":{"line":63,"column":6},"end":{"line":63,"column":30}},"19":{"start":{"line":67,"column":2},"end":{"line":186,"column":4}},"20":{"start":{"line":96,"column":14},"end":{"line":170,"column":21}},"21":{"start":{"line":155,"column":35},"end":{"line":155,"column":49}},"22":{"start":{"line":158,"column":44},"end":{"line":162,"column":21}},"23":{"start":{"line":179,"column":38},"end":{"line":179,"column":66}},"24":{"start":{"line":189,"column":15},"end":{"line":304,"column":2}}},"fnMap":{"0":{"name":"RegistrationScreen","decl":{"start":{"line":25,"column":24},"end":{"line":25,"column":42}},"loc":{"start":{"line":25,"column":59},"end":{"line":187,"column":1}},"line":25},"1":{"name":"(anonymous_1)","decl":{"start":{"line":28,"column":29},"end":{"line":28,"column":30}},"loc":{"start":{"line":28,"column":47},"end":{"line":65,"column":3}},"line":28},"2":{"name":"(anonymous_2)","decl":{"start":{"line":88,"column":13},"end":{"line":88,"column":14}},"loc":{"start":{"line":96,"column":14},"end":{"line":170,"column":21}},"line":96},"3":{"name":"(anonymous_3)","decl":{"start":{"line":155,"column":29},"end":{"line":155,"column":30}},"loc":{"start":{"line":155,"column":35},"end":{"line":155,"column":49}},"line":155},"4":{"name":"(anonymous_4)","decl":{"start":{"line":158,"column":27},"end":{"line":158,"column":28}},"loc":{"start":{"line":158,"column":44},"end":{"line":162,"column":21}},"line":158},"5":{"name":"(anonymous_5)","decl":{"start":{"line":179,"column":32},"end":{"line":179,"column":33}},"loc":{"start":{"line":179,"column":38},"end":{"line":179,"column":66}},"line":179}},"branchMap":{"0":{"loc":{"start":{"line":49,"column":6},"end":{"line":51,"column":7}},"type":"if","locations":[{"start":{"line":49,"column":6},"end":{"line":51,"column":7}},{"start":{},"end":{}}],"line":49},"1":{"loc":{"start":{"line":69,"column":64},"end":{"line":69,"column":108}},"type":"cond-expr","locations":[{"start":{"line":69,"column":88},"end":{"line":69,"column":97}},{"start":{"line":69,"column":100},"end":{"line":69,"column":108}}],"line":69},"2":{"loc":{"start":{"line":110,"column":19},"end":{"line":112,"column":19}},"type":"binary-expr","locations":[{"start":{"line":110,"column":19},"end":{"line":110,"column":31}},{"start":{"line":110,"column":35},"end":{"line":110,"column":46}},{"start":{"line":111,"column":20},"end":{"line":111,"column":67}}],"line":110},"3":{"loc":{"start":{"line":130,"column":19},"end":{"line":132,"column":19}},"type":"binary-expr","locations":[{"start":{"line":130,"column":19},"end":{"line":130,"column":32}},{"start":{"line":130,"column":36},"end":{"line":130,"column":48}},{"start":{"line":131,"column":20},"end":{"line":131,"column":68}}],"line":130},"4":{"loc":{"start":{"line":149,"column":19},"end":{"line":151,"column":19}},"type":"binary-expr","locations":[{"start":{"line":149,"column":19},"end":{"line":149,"column":35}},{"start":{"line":149,"column":39},"end":{"line":149,"column":54}},{"start":{"line":150,"column":20},"end":{"line":150,"column":71}}],"line":149},"5":{"loc":{"start":{"line":160,"column":24},"end":{"line":160,"column":80}},"type":"binary-expr","locations":[{"start":{"line":160,"column":24},"end":{"line":160,"column":45}},{"start":{"line":160,"column":49},"end":{"line":160,"column":56}},{"start":{"line":160,"column":60},"end":{"line":160,"column":80}}],"line":160},"6":{"loc":{"start":{"line":161,"column":24},"end":{"line":161,"column":57}},"type":"binary-expr","locations":[{"start":{"line":161,"column":24},"end":{"line":161,"column":37}},{"start":{"line":161,"column":41},"end":{"line":161,"column":57}}],"line":161},"7":{"loc":{"start":{"line":165,"column":21},"end":{"line":167,"column":40}},"type":"cond-expr","locations":[{"start":{"line":166,"column":24},"end":{"line":166,"column":45}},{"start":{"line":167,"column":24},"end":{"line":167,"column":40}}],"line":165},"8":{"loc":{"start":{"line":200,"column":14},"end":{"line":200,"column":56}},"type":"cond-expr","locations":[{"start":{"line":200,"column":42},"end":{"line":200,"column":52}},{"start":{"line":200,"column":55},"end":{"line":200,"column":56}}],"line":200},"9":{"loc":{"start":{"line":222,"column":16},"end":{"line":222,"column":47}},"type":"cond-expr","locations":[{"start":{"line":222,"column":40},"end":{"line":222,"column":42}},{"start":{"line":222,"column":45},"end":{"line":222,"column":47}}],"line":222},"10":{"loc":{"start":{"line":241,"column":10},"end":{"line":241,"column":41}},"type":"cond-expr","locations":[{"start":{"line":241,"column":34},"end":{"line":241,"column":36}},{"start":{"line":241,"column":39},"end":{"line":241,"column":41}}],"line":241},"11":{"loc":{"start":{"line":244,"column":16},"end":{"line":244,"column":46}},"type":"cond-expr","locations":[{"start":{"line":244,"column":40},"end":{"line":244,"column":42}},{"start":{"line":244,"column":45},"end":{"line":244,"column":46}}],"line":244},"12":{"loc":{"start":{"line":246,"column":19},"end":{"line":246,"column":49}},"type":"cond-expr","locations":[{"start":{"line":246,"column":43},"end":{"line":246,"column":45}},{"start":{"line":246,"column":48},"end":{"line":246,"column":49}}],"line":246},"13":{"loc":{"start":{"line":259,"column":10},"end":{"line":259,"column":41}},"type":"cond-expr","locations":[{"start":{"line":259,"column":34},"end":{"line":259,"column":36}},{"start":{"line":259,"column":39},"end":{"line":259,"column":41}}],"line":259},"14":{"loc":{"start":{"line":263,"column":16},"end":{"line":263,"column":46}},"type":"cond-expr","locations":[{"start":{"line":263,"column":40},"end":{"line":263,"column":42}},{"start":{"line":263,"column":45},"end":{"line":263,"column":46}}],"line":263}},"s":{"0":9,"1":9,"2":3,"3":3,"4":3,"5":3,"6":2,"7":2,"8":2,"9":2,"10":2,"11":2,"12":2,"13":0,"14":0,"15":0,"16":3,"17":3,"18":3,"19":9,"20":32,"21":4,"22":32,"23":1,"24":1},"f":{"0":9,"1":3,"2":32,"3":4,"4":32,"5":1},"b":{"0":[2,0],"1":[9,0],"2":[32,8,1],"3":[32,8,1],"4":[32,8,1],"5":[32,32,0],"6":[32,0],"7":[0,32],"8":[0,1],"9":[1,0],"10":[1,0],"11":[1,0],"12":[1,0],"13":[1,0],"14":[1,0]},"_coverageSchema":"1a1c01bbd47fc00a2c39e90264f33305004495a9","hash":"18612cf98598951e604b518c547ae806408a3d17"}
,"C:\\Users\\shrey\\OneDrive\\Documents\\react_sprint\\ShopEasy\\src\\screens\\Cart\\CartScreen.jsx": {"path":"C:\\Users\\shrey\\OneDrive\\Documents\\react_sprint\\ShopEasy\\src\\screens\\Cart\\CartScreen.jsx","statementMap":{"0":{"start":{"line":27,"column":19},"end":{"line":27,"column":32}},"1":{"start":{"line":29,"column":20},"end":{"line":29,"column":60}},"2":{"start":{"line":29,"column":43},"end":{"line":29,"column":59}},"3":{"start":{"line":30,"column":19},"end":{"line":30,"column":59}},"4":{"start":{"line":30,"column":42},"end":{"line":30,"column":58}},"5":{"start":{"line":32,"column":19},"end":{"line":32,"column":48}},"6":{"start":{"line":33,"column":16},"end":{"line":33,"column":35}},"7":{"start":{"line":35,"column":2},"end":{"line":108,"column":4}},"8":{"start":{"line":41,"column":32},"end":{"line":41,"column":50}},"9":{"start":{"line":45,"column":10},"end":{"line":56,"column":12}},"10":{"start":{"line":48,"column":14},"end":{"line":48,"column":49}},"11":{"start":{"line":51,"column":14},"end":{"line":51,"column":49}},"12":{"start":{"line":54,"column":14},"end":{"line":54,"column":47}},"13":{"start":{"line":91,"column":36},"end":{"line":94,"column":13}},"14":{"start":{"line":96,"column":14},"end":{"line":98,"column":16}},"15":{"start":{"line":111,"column":15},"end":{"line":209,"column":2}}},"fnMap":{"0":{"name":"CartScreen","decl":{"start":{"line":26,"column":24},"end":{"line":26,"column":34}},"loc":{"start":{"line":26,"column":51},"end":{"line":109,"column":1}},"line":26},"1":{"name":"(anonymous_1)","decl":{"start":{"line":29,"column":32},"end":{"line":29,"column":33}},"loc":{"start":{"line":29,"column":43},"end":{"line":29,"column":59}},"line":29},"2":{"name":"(anonymous_2)","decl":{"start":{"line":30,"column":31},"end":{"line":30,"column":32}},"loc":{"start":{"line":30,"column":42},"end":{"line":30,"column":58}},"line":30},"3":{"name":"(anonymous_3)","decl":{"start":{"line":41,"column":22},"end":{"line":41,"column":23}},"loc":{"start":{"line":41,"column":32},"end":{"line":41,"column":50}},"line":41},"4":{"name":"(anonymous_4)","decl":{"start":{"line":44,"column":20},"end":{"line":44,"column":21}},"loc":{"start":{"line":45,"column":10},"end":{"line":56,"column":12}},"line":45},"5":{"name":"(anonymous_5)","decl":{"start":{"line":47,"column":24},"end":{"line":47,"column":25}},"loc":{"start":{"line":48,"column":14},"end":{"line":48,"column":49}},"line":48},"6":{"name":"(anonymous_6)","decl":{"start":{"line":50,"column":24},"end":{"line":50,"column":25}},"loc":{"start":{"line":51,"column":14},"end":{"line":51,"column":49}},"line":51},"7":{"name":"(anonymous_7)","decl":{"start":{"line":53,"column":22},"end":{"line":53,"column":23}},"loc":{"start":{"line":54,"column":14},"end":{"line":54,"column":47}},"line":54},"8":{"name":"(anonymous_8)","decl":{"start":{"line":91,"column":19},"end":{"line":91,"column":20}},"loc":{"start":{"line":91,"column":36},"end":{"line":94,"column":13}},"line":91},"9":{"name":"(anonymous_9)","decl":{"start":{"line":95,"column":21},"end":{"line":95,"column":22}},"loc":{"start":{"line":96,"column":14},"end":{"line":98,"column":16}},"line":96}},"branchMap":{"0":{"loc":{"start":{"line":32,"column":19},"end":{"line":32,"column":48}},"type":"cond-expr","locations":[{"start":{"line":32,"column":42},"end":{"line":32,"column":44}},{"start":{"line":32,"column":47},"end":{"line":32,"column":48}}],"line":32},"1":{"loc":{"start":{"line":71,"column":7},"end":{"line":106,"column":7}},"type":"binary-expr","locations":[{"start":{"line":71,"column":7},"end":{"line":71,"column":27}},{"start":{"line":72,"column":8},"end":{"line":105,"column":15}}],"line":71},"2":{"loc":{"start":{"line":93,"column":14},"end":{"line":93,"column":45}},"type":"binary-expr","locations":[{"start":{"line":93,"column":14},"end":{"line":93,"column":21}},{"start":{"line":93,"column":25},"end":{"line":93,"column":45}}],"line":93}},"s":{"0":4,"1":4,"2":4,"3":4,"4":4,"5":4,"6":4,"7":4,"8":6,"9":3,"10":1,"11":1,"12":1,"13":3,"14":1,"15":1},"f":{"0":4,"1":4,"2":4,"3":6,"4":3,"5":1,"6":1,"7":1,"8":3,"9":1},"b":{"0":[3,1],"1":[4,3],"2":[3,0]},"_coverageSchema":"1a1c01bbd47fc00a2c39e90264f33305004495a9","hash":"5dc5ef974cc890124fedb000b20dda0baa435c35"}
,"C:\\Users\\shrey\\OneDrive\\Documents\\react_sprint\\ShopEasy\\src\\screens\\Cart\\PaymentScreen.jsx": {"path":"C:\\Users\\shrey\\OneDrive\\Documents\\react_sprint\\ShopEasy\\src\\screens\\Cart\\PaymentScreen.jsx","statementMap":{"0":{"start":{"line":26,"column":19},"end":{"line":26,"column":32}},"1":{"start":{"line":28,"column":26},"end":{"line":28,"column":55}},"2":{"start":{"line":30,"column":15},"end":{"line":30,"column":54}},"3":{"start":{"line":30,"column":38},"end":{"line":30,"column":53}},"4":{"start":{"line":31,"column":15},"end":{"line":31,"column":49}},"5":{"start":{"line":31,"column":38},"end":{"line":31,"column":48}},"6":{"start":{"line":33,"column":44},"end":{"line":33,"column":59}},"7":{"start":{"line":34,"column":40},"end":{"line":34,"column":55}},"8":{"start":{"line":37,"column":4},"end":{"line":37,"column":55}},"9":{"start":{"line":38,"column":4},"end":{"line":38,"column":25}},"10":{"start":{"line":42,"column":4},"end":{"line":48,"column":5}},"11":{"start":{"line":43,"column":6},"end":{"line":46,"column":8}},"12":{"start":{"line":47,"column":6},"end":{"line":47,"column":13}},"13":{"start":{"line":50,"column":4},"end":{"line":91,"column":5}},"14":{"start":{"line":52,"column":24},"end":{"line":63,"column":7}},"15":{"start":{"line":65,"column":23},"end":{"line":65,"column":51}},"16":{"start":{"line":68,"column":25},"end":{"line":74,"column":9}},"17":{"start":{"line":68,"column":51},"end":{"line":74,"column":7}},"18":{"start":{"line":76,"column":6},"end":{"line":76,"column":41}},"19":{"start":{"line":79,"column":6},"end":{"line":79,"column":28}},"20":{"start":{"line":81,"column":6},"end":{"line":83,"column":3}},"21":{"start":{"line":85,"column":6},"end":{"line":85,"column":25}},"22":{"start":{"line":87,"column":6},"end":{"line":90,"column":8}},"23":{"start":{"line":94,"column":2},"end":{"line":244,"column":4}},"24":{"start":{"line":118,"column":32},"end":{"line":122,"column":9}},"25":{"start":{"line":124,"column":10},"end":{"line":124,"column":34}},"26":{"start":{"line":125,"column":10},"end":{"line":125,"column":32}},"27":{"start":{"line":139,"column":32},"end":{"line":143,"column":9}},"28":{"start":{"line":145,"column":10},"end":{"line":145,"column":34}},"29":{"start":{"line":146,"column":10},"end":{"line":146,"column":32}},"30":{"start":{"line":160,"column":32},"end":{"line":164,"column":9}},"31":{"start":{"line":166,"column":10},"end":{"line":166,"column":42}},"32":{"start":{"line":167,"column":10},"end":{"line":167,"column":31}},"33":{"start":{"line":181,"column":32},"end":{"line":185,"column":9}},"34":{"start":{"line":187,"column":10},"end":{"line":187,"column":41}},"35":{"start":{"line":188,"column":10},"end":{"line":188,"column":31}},"36":{"start":{"line":225,"column":32},"end":{"line":228,"column":9}},"37":{"start":{"line":235,"column":32},"end":{"line":238,"column":9}},"38":{"start":{"line":239,"column":23},"end":{"line":239,"column":42}},"39":{"start":{"line":247,"column":15},"end":{"line":369,"column":2}}},"fnMap":{"0":{"name":"PaymentScreen","decl":{"start":{"line":25,"column":24},"end":{"line":25,"column":37}},"loc":{"start":{"line":25,"column":61},"end":{"line":245,"column":1}},"line":25},"1":{"name":"(anonymous_1)","decl":{"start":{"line":30,"column":27},"end":{"line":30,"column":28}},"loc":{"start":{"line":30,"column":38},"end":{"line":30,"column":53}},"line":30},"2":{"name":"(anonymous_2)","decl":{"start":{"line":31,"column":27},"end":{"line":31,"column":28}},"loc":{"start":{"line":31,"column":38},"end":{"line":31,"column":48}},"line":31},"3":{"name":"handleQRSuccess","decl":{"start":{"line":36,"column":11},"end":{"line":36,"column":26}},"loc":{"start":{"line":36,"column":29},"end":{"line":39,"column":3}},"line":36},"4":{"name":"handlePlaceOrder","decl":{"start":{"line":41,"column":17},"end":{"line":41,"column":33}},"loc":{"start":{"line":41,"column":36},"end":{"line":92,"column":3}},"line":41},"5":{"name":"(anonymous_5)","decl":{"start":{"line":68,"column":40},"end":{"line":68,"column":41}},"loc":{"start":{"line":68,"column":51},"end":{"line":74,"column":7}},"line":68},"6":{"name":"(anonymous_6)","decl":{"start":{"line":118,"column":15},"end":{"line":118,"column":16}},"loc":{"start":{"line":118,"column":32},"end":{"line":122,"column":9}},"line":118},"7":{"name":"(anonymous_7)","decl":{"start":{"line":123,"column":17},"end":{"line":123,"column":18}},"loc":{"start":{"line":123,"column":23},"end":{"line":126,"column":9}},"line":123},"8":{"name":"(anonymous_8)","decl":{"start":{"line":139,"column":15},"end":{"line":139,"column":16}},"loc":{"start":{"line":139,"column":32},"end":{"line":143,"column":9}},"line":139},"9":{"name":"(anonymous_9)","decl":{"start":{"line":144,"column":17},"end":{"line":144,"column":18}},"loc":{"start":{"line":144,"column":23},"end":{"line":147,"column":9}},"line":144},"10":{"name":"(anonymous_10)","decl":{"start":{"line":160,"column":15},"end":{"line":160,"column":16}},"loc":{"start":{"line":160,"column":32},"end":{"line":164,"column":9}},"line":160},"11":{"name":"(anonymous_11)","decl":{"start":{"line":165,"column":17},"end":{"line":165,"column":18}},"loc":{"start":{"line":165,"column":23},"end":{"line":168,"column":9}},"line":165},"12":{"name":"(anonymous_12)","decl":{"start":{"line":181,"column":15},"end":{"line":181,"column":16}},"loc":{"start":{"line":181,"column":32},"end":{"line":185,"column":9}},"line":181},"13":{"name":"(anonymous_13)","decl":{"start":{"line":186,"column":17},"end":{"line":186,"column":18}},"loc":{"start":{"line":186,"column":23},"end":{"line":189,"column":9}},"line":186},"14":{"name":"(anonymous_14)","decl":{"start":{"line":225,"column":15},"end":{"line":225,"column":16}},"loc":{"start":{"line":225,"column":32},"end":{"line":228,"column":9}},"line":225},"15":{"name":"(anonymous_15)","decl":{"start":{"line":235,"column":15},"end":{"line":235,"column":16}},"loc":{"start":{"line":235,"column":32},"end":{"line":238,"column":9}},"line":235},"16":{"name":"(anonymous_16)","decl":{"start":{"line":239,"column":17},"end":{"line":239,"column":18}},"loc":{"start":{"line":239,"column":23},"end":{"line":239,"column":42}},"line":239}},"branchMap":{"0":{"loc":{"start":{"line":42,"column":4},"end":{"line":48,"column":5}},"type":"if","locations":[{"start":{"line":42,"column":4},"end":{"line":48,"column":5}},{"start":{},"end":{}}],"line":42},"1":{"loc":{"start":{"line":42,"column":8},"end":{"line":42,"column":47}},"type":"binary-expr","locations":[{"start":{"line":42,"column":8},"end":{"line":42,"column":31}},{"start":{"line":42,"column":35},"end":{"line":42,"column":47}}],"line":42},"2":{"loc":{"start":{"line":60,"column":10},"end":{"line":62,"column":25}},"type":"cond-expr","locations":[{"start":{"line":61,"column":14},"end":{"line":61,"column":23}},{"start":{"line":62,"column":14},"end":{"line":62,"column":25}}],"line":60},"3":{"loc":{"start":{"line":120,"column":10},"end":{"line":120,"column":58}},"type":"binary-expr","locations":[{"start":{"line":120,"column":10},"end":{"line":120,"column":33}},{"start":{"line":120,"column":37},"end":{"line":120,"column":58}}],"line":120},"4":{"loc":{"start":{"line":121,"column":10},"end":{"line":121,"column":35}},"type":"binary-expr","locations":[{"start":{"line":121,"column":10},"end":{"line":121,"column":17}},{"start":{"line":121,"column":21},"end":{"line":121,"column":35}}],"line":121},"5":{"loc":{"start":{"line":131,"column":12},"end":{"line":131,"column":64}},"type":"binary-expr","locations":[{"start":{"line":131,"column":12},"end":{"line":131,"column":35}},{"start":{"line":131,"column":39},"end":{"line":131,"column":64}}],"line":131},"6":{"loc":{"start":{"line":141,"column":10},"end":{"line":141,"column":58}},"type":"binary-expr","locations":[{"start":{"line":141,"column":10},"end":{"line":141,"column":33}},{"start":{"line":141,"column":37},"end":{"line":141,"column":58}}],"line":141},"7":{"loc":{"start":{"line":142,"column":10},"end":{"line":142,"column":35}},"type":"binary-expr","locations":[{"start":{"line":142,"column":10},"end":{"line":142,"column":17}},{"start":{"line":142,"column":21},"end":{"line":142,"column":35}}],"line":142},"8":{"loc":{"start":{"line":152,"column":12},"end":{"line":152,"column":64}},"type":"binary-expr","locations":[{"start":{"line":152,"column":12},"end":{"line":152,"column":35}},{"start":{"line":152,"column":39},"end":{"line":152,"column":64}}],"line":152},"9":{"loc":{"start":{"line":162,"column":10},"end":{"line":162,"column":66}},"type":"binary-expr","locations":[{"start":{"line":162,"column":10},"end":{"line":162,"column":41}},{"start":{"line":162,"column":45},"end":{"line":162,"column":66}}],"line":162},"10":{"loc":{"start":{"line":163,"column":10},"end":{"line":163,"column":35}},"type":"binary-expr","locations":[{"start":{"line":163,"column":10},"end":{"line":163,"column":17}},{"start":{"line":163,"column":21},"end":{"line":163,"column":35}}],"line":163},"11":{"loc":{"start":{"line":173,"column":12},"end":{"line":173,"column":72}},"type":"binary-expr","locations":[{"start":{"line":173,"column":12},"end":{"line":173,"column":43}},{"start":{"line":173,"column":47},"end":{"line":173,"column":72}}],"line":173},"12":{"loc":{"start":{"line":183,"column":10},"end":{"line":183,"column":65}},"type":"binary-expr","locations":[{"start":{"line":183,"column":10},"end":{"line":183,"column":40}},{"start":{"line":183,"column":44},"end":{"line":183,"column":65}}],"line":183},"13":{"loc":{"start":{"line":184,"column":10},"end":{"line":184,"column":35}},"type":"binary-expr","locations":[{"start":{"line":184,"column":10},"end":{"line":184,"column":17}},{"start":{"line":184,"column":21},"end":{"line":184,"column":35}}],"line":184},"14":{"loc":{"start":{"line":194,"column":12},"end":{"line":194,"column":71}},"type":"binary-expr","locations":[{"start":{"line":194,"column":12},"end":{"line":194,"column":42}},{"start":{"line":194,"column":46},"end":{"line":194,"column":71}}],"line":194},"15":{"loc":{"start":{"line":205,"column":7},"end":{"line":222,"column":7}},"type":"binary-expr","locations":[{"start":{"line":205,"column":7},"end":{"line":205,"column":30}},{"start":{"line":206,"column":8},"end":{"line":221,"column":11}}],"line":205},"16":{"loc":{"start":{"line":214,"column":14},"end":{"line":214,"column":50}},"type":"binary-expr","locations":[{"start":{"line":214,"column":14},"end":{"line":214,"column":25}},{"start":{"line":214,"column":29},"end":{"line":214,"column":50}}],"line":214},"17":{"loc":{"start":{"line":217,"column":13},"end":{"line":219,"column":54}},"type":"cond-expr","locations":[{"start":{"line":218,"column":16},"end":{"line":218,"column":35}},{"start":{"line":219,"column":16},"end":{"line":219,"column":54}}],"line":217},"18":{"loc":{"start":{"line":227,"column":10},"end":{"line":227,"column":48}},"type":"binary-expr","locations":[{"start":{"line":227,"column":10},"end":{"line":227,"column":17}},{"start":{"line":227,"column":21},"end":{"line":227,"column":48}}],"line":227},"19":{"loc":{"start":{"line":237,"column":10},"end":{"line":237,"column":35}},"type":"binary-expr","locations":[{"start":{"line":237,"column":10},"end":{"line":237,"column":17}},{"start":{"line":237,"column":21},"end":{"line":237,"column":35}}],"line":237}},"s":{"0":9,"1":9,"2":9,"3":9,"4":9,"5":9,"6":9,"7":9,"8":1,"9":1,"10":4,"11":1,"12":1,"13":3,"14":3,"15":3,"16":2,"17":4,"18":2,"19":2,"20":2,"21":1,"22":1,"23":9,"24":9,"25":0,"26":0,"27":9,"28":2,"29":2,"30":9,"31":0,"32":0,"33":9,"34":0,"35":0,"36":9,"37":9,"38":1,"39":1},"f":{"0":9,"1":9,"2":9,"3":1,"4":4,"5":4,"6":9,"7":0,"8":9,"9":2,"10":9,"11":0,"12":9,"13":0,"14":9,"15":9,"16":1},"b":{"0":[1,3],"1":[4,2],"2":[2,1],"3":[9,6],"4":[9,0],"5":[9,6],"6":[9,3],"7":[9,0],"8":[9,3],"9":[9,0],"10":[9,0],"11":[9,0],"12":[9,0],"13":[9,0],"14":[9,0],"15":[9,3],"16":[3,1],"17":[1,2],"18":[9,0],"19":[9,0]},"_coverageSchema":"1a1c01bbd47fc00a2c39e90264f33305004495a9","hash":"0655add1a1dee2996bf4d5f161c3e16ef394bcda"}
,"C:\\Users\\shrey\\OneDrive\\Documents\\react_sprint\\ShopEasy\\src\\screens\\Home\\HomeScreen.jsx": {"path":"C:\\Users\\shrey\\OneDrive\\Documents\\react_sprint\\ShopEasy\\src\\screens\\Home\\HomeScreen.jsx","statementMap":{"0":{"start":{"line":27,"column":19},"end":{"line":27,"column":32}},"1":{"start":{"line":29,"column":30},"end":{"line":29,"column":42}},"2":{"start":{"line":30,"column":50},"end":{"line":30,"column":65}},"3":{"start":{"line":37,"column":6},"end":{"line":37,"column":44}},"4":{"start":{"line":37,"column":29},"end":{"line":37,"column":43}},"5":{"start":{"line":39,"column":19},"end":{"line":41,"column":3}},"6":{"start":{"line":40,"column":15},"end":{"line":40,"column":35}},"7":{"start":{"line":43,"column":21},"end":{"line":46,"column":3}},"8":{"start":{"line":45,"column":41},"end":{"line":45,"column":57}},"9":{"start":{"line":48,"column":2},"end":{"line":61,"column":17}},"10":{"start":{"line":49,"column":26},"end":{"line":58,"column":5}},"11":{"start":{"line":50,"column":6},"end":{"line":50,"column":33}},"12":{"start":{"line":52,"column":6},"end":{"line":57,"column":7}},"13":{"start":{"line":53,"column":25},"end":{"line":53,"column":44}},"14":{"start":{"line":54,"column":8},"end":{"line":54,"column":40}},"15":{"start":{"line":56,"column":8},"end":{"line":56,"column":40}},"16":{"start":{"line":60,"column":4},"end":{"line":60,"column":20}},"17":{"start":{"line":63,"column":23},"end":{"line":66,"column":3}},"18":{"start":{"line":64,"column":4},"end":{"line":64,"column":20}},"19":{"start":{"line":65,"column":4},"end":{"line":65,"column":35}},"20":{"start":{"line":68,"column":25},"end":{"line":71,"column":3}},"21":{"start":{"line":69,"column":4},"end":{"line":69,"column":34}},"22":{"start":{"line":70,"column":4},"end":{"line":70,"column":39}},"23":{"start":{"line":73,"column":26},"end":{"line":75,"column":3}},"24":{"start":{"line":74,"column":4},"end":{"line":74,"column":33}},"25":{"start":{"line":77,"column":2},"end":{"line":86,"column":3}},"26":{"start":{"line":78,"column":4},"end":{"line":85,"column":6}},"27":{"start":{"line":88,"column":2},"end":{"line":94,"column":3}},"28":{"start":{"line":89,"column":4},"end":{"line":93,"column":6}},"29":{"start":{"line":96,"column":2},"end":{"line":144,"column":4}},"30":{"start":{"line":115,"column":32},"end":{"line":115,"column":50}},"31":{"start":{"line":126,"column":10},"end":{"line":140,"column":12}},"32":{"start":{"line":129,"column":27},"end":{"line":129,"column":49}},"33":{"start":{"line":132,"column":14},"end":{"line":134,"column":16}},"34":{"start":{"line":137,"column":14},"end":{"line":137,"column":47}},"35":{"start":{"line":139,"column":31},"end":{"line":139,"column":52}},"36":{"start":{"line":147,"column":15},"end":{"line":187,"column":2}}},"fnMap":{"0":{"name":"HomeScreen","decl":{"start":{"line":26,"column":24},"end":{"line":26,"column":34}},"loc":{"start":{"line":26,"column":51},"end":{"line":145,"column":1}},"line":26},"1":{"name":"(anonymous_1)","decl":{"start":{"line":37,"column":18},"end":{"line":37,"column":19}},"loc":{"start":{"line":37,"column":29},"end":{"line":37,"column":43}},"line":37},"2":{"name":"(anonymous_2)","decl":{"start":{"line":40,"column":4},"end":{"line":40,"column":5}},"loc":{"start":{"line":40,"column":15},"end":{"line":40,"column":35}},"line":40},"3":{"name":"(anonymous_3)","decl":{"start":{"line":45,"column":28},"end":{"line":45,"column":29}},"loc":{"start":{"line":45,"column":41},"end":{"line":45,"column":57}},"line":45},"4":{"name":"(anonymous_4)","decl":{"start":{"line":48,"column":12},"end":{"line":48,"column":13}},"loc":{"start":{"line":48,"column":18},"end":{"line":61,"column":3}},"line":48},"5":{"name":"(anonymous_5)","decl":{"start":{"line":49,"column":26},"end":{"line":49,"column":27}},"loc":{"start":{"line":49,"column":38},"end":{"line":58,"column":5}},"line":49},"6":{"name":"(anonymous_6)","decl":{"start":{"line":63,"column":23},"end":{"line":63,"column":24}},"loc":{"start":{"line":63,"column":33},"end":{"line":66,"column":3}},"line":63},"7":{"name":"(anonymous_7)","decl":{"start":{"line":68,"column":25},"end":{"line":68,"column":26}},"loc":{"start":{"line":68,"column":39},"end":{"line":71,"column":3}},"line":68},"8":{"name":"(anonymous_8)","decl":{"start":{"line":73,"column":26},"end":{"line":73,"column":27}},"loc":{"start":{"line":73,"column":39},"end":{"line":75,"column":3}},"line":73},"9":{"name":"(anonymous_9)","decl":{"start":{"line":115,"column":22},"end":{"line":115,"column":23}},"loc":{"start":{"line":115,"column":32},"end":{"line":115,"column":50}},"line":115},"10":{"name":"(anonymous_10)","decl":{"start":{"line":125,"column":20},"end":{"line":125,"column":21}},"loc":{"start":{"line":126,"column":10},"end":{"line":140,"column":12}},"line":126},"11":{"name":"(anonymous_11)","decl":{"start":{"line":129,"column":14},"end":{"line":129,"column":15}},"loc":{"start":{"line":129,"column":27},"end":{"line":129,"column":49}},"line":129},"12":{"name":"(anonymous_12)","decl":{"start":{"line":131,"column":21},"end":{"line":131,"column":22}},"loc":{"start":{"line":132,"column":14},"end":{"line":134,"column":16}},"line":132},"13":{"name":"(anonymous_13)","decl":{"start":{"line":136,"column":24},"end":{"line":136,"column":25}},"loc":{"start":{"line":137,"column":14},"end":{"line":137,"column":47}},"line":137},"14":{"name":"(anonymous_14)","decl":{"start":{"line":139,"column":25},"end":{"line":139,"column":26}},"loc":{"start":{"line":139,"column":31},"end":{"line":139,"column":52}},"line":139}},"branchMap":{"0":{"loc":{"start":{"line":77,"column":2},"end":{"line":86,"column":3}},"type":"if","locations":[{"start":{"line":77,"column":2},"end":{"line":86,"column":3}},{"start":{},"end":{}}],"line":77},"1":{"loc":{"start":{"line":81,"column":16},"end":{"line":81,"column":57}},"type":"cond-expr","locations":[{"start":{"line":81,"column":40},"end":{"line":81,"column":47}},{"start":{"line":81,"column":50},"end":{"line":81,"column":57}}],"line":81},"2":{"loc":{"start":{"line":88,"column":2},"end":{"line":94,"column":3}},"type":"if","locations":[{"start":{"line":88,"column":2},"end":{"line":94,"column":3}},{"start":{},"end":{}}],"line":88},"3":{"loc":{"start":{"line":152,"column":6},"end":{"line":154,"column":20}},"type":"cond-expr","locations":[{"start":{"line":153,"column":10},"end":{"line":153,"column":20}},{"start":{"line":154,"column":10},"end":{"line":154,"column":20}}],"line":152},"4":{"loc":{"start":{"line":159,"column":6},"end":{"line":161,"column":20}},"type":"cond-expr","locations":[{"start":{"line":160,"column":10},"end":{"line":160,"column":20}},{"start":{"line":161,"column":10},"end":{"line":161,"column":20}}],"line":159},"5":{"loc":{"start":{"line":166,"column":6},"end":{"line":168,"column":21}},"type":"cond-expr","locations":[{"start":{"line":167,"column":10},"end":{"line":167,"column":22}},{"start":{"line":168,"column":10},"end":{"line":168,"column":21}}],"line":166}},"s":{"0":8,"1":8,"2":8,"3":8,"4":8,"5":8,"6":8,"7":8,"8":12,"9":8,"10":6,"11":6,"12":6,"13":6,"14":5,"15":1,"16":6,"17":8,"18":1,"19":1,"20":8,"21":1,"22":1,"23":8,"24":0,"25":8,"26":1,"27":7,"28":1,"29":6,"30":20,"31":12,"32":12,"33":1,"34":1,"35":0,"36":1},"f":{"0":8,"1":8,"2":8,"3":12,"4":6,"5":6,"6":1,"7":1,"8":0,"9":20,"10":12,"11":12,"12":1,"13":1,"14":0},"b":{"0":[1,7],"1":[1,0],"2":[1,6],"3":[1,0],"4":[1,0],"5":[1,0]},"_coverageSchema":"1a1c01bbd47fc00a2c39e90264f33305004495a9","hash":"4b3dd84b107ccd979ec1a6ba4f2dc16b6ee8a363"}
,"C:\\Users\\shrey\\OneDrive\\Documents\\react_sprint\\ShopEasy\\src\\screens\\Home\\ProductDetailsScreen.jsx": {"path":"C:\\Users\\shrey\\OneDrive\\Documents\\react_sprint\\ShopEasy\\src\\screens\\Home\\ProductDetailsScreen.jsx","statementMap":{"0":{"start":{"line":16,"column":24},"end":{"line":16,"column":36}},"1":{"start":{"line":18,"column":21},"end":{"line":18,"column":34}},"2":{"start":{"line":20,"column":28},"end":{"line":22,"column":5}},"3":{"start":{"line":21,"column":8},"end":{"line":21,"column":37}},"4":{"start":{"line":24,"column":4},"end":{"line":69,"column":6}},"5":{"start":{"line":72,"column":15},"end":{"line":140,"column":2}}},"fnMap":{"0":{"name":"ProductDetailsScreen","decl":{"start":{"line":15,"column":24},"end":{"line":15,"column":44}},"loc":{"start":{"line":15,"column":56},"end":{"line":70,"column":1}},"line":15},"1":{"name":"(anonymous_1)","decl":{"start":{"line":20,"column":28},"end":{"line":20,"column":29}},"loc":{"start":{"line":20,"column":34},"end":{"line":22,"column":5}},"line":20}},"branchMap":{},"s":{"0":2,"1":2,"2":2,"3":1,"4":2,"5":1},"f":{"0":2,"1":1},"b":{},"_coverageSchema":"1a1c01bbd47fc00a2c39e90264f33305004495a9","hash":"f9d5510883c7f7ad954d08fe88feaf534987a1ea"}
,"C:\\Users\\shrey\\OneDrive\\Documents\\react_sprint\\ShopEasy\\src\\screens\\Orders\\OrderHistoryScreen.jsx": {"path":"C:\\Users\\shrey\\OneDrive\\Documents\\react_sprint\\ShopEasy\\src\\screens\\Orders\\OrderHistoryScreen.jsx","statementMap":{"0":{"start":{"line":22,"column":15},"end":{"line":22,"column":54}},"1":{"start":{"line":22,"column":38},"end":{"line":22,"column":53}},"2":{"start":{"line":24,"column":30},"end":{"line":24,"column":42}},"3":{"start":{"line":25,"column":32},"end":{"line":25,"column":46}},"4":{"start":{"line":27,"column":2},"end":{"line":31,"column":4}},"5":{"start":{"line":29,"column":6},"end":{"line":29,"column":19}},"6":{"start":{"line":34,"column":4},"end":{"line":42,"column":5}},"7":{"start":{"line":35,"column":19},"end":{"line":35,"column":43}},"8":{"start":{"line":37,"column":6},"end":{"line":37,"column":22}},"9":{"start":{"line":39,"column":6},"end":{"line":39,"column":25}},"10":{"start":{"line":41,"column":6},"end":{"line":41,"column":24}},"11":{"start":{"line":46,"column":4},"end":{"line":75,"column":6}},"12":{"start":{"line":48,"column":32},"end":{"line":48,"column":76}},"13":{"start":{"line":50,"column":10},"end":{"line":52,"column":12}},"14":{"start":{"line":78,"column":2},"end":{"line":84,"column":3}},"15":{"start":{"line":79,"column":4},"end":{"line":83,"column":6}},"16":{"start":{"line":86,"column":2},"end":{"line":109,"column":4}},"17":{"start":{"line":95,"column":32},"end":{"line":95,"column":50}},"18":{"start":{"line":112,"column":15},"end":{"line":224,"column":2}}},"fnMap":{"0":{"name":"OrderHistoryScreen","decl":{"start":{"line":21,"column":24},"end":{"line":21,"column":42}},"loc":{"start":{"line":21,"column":59},"end":{"line":110,"column":1}},"line":21},"1":{"name":"(anonymous_1)","decl":{"start":{"line":22,"column":27},"end":{"line":22,"column":28}},"loc":{"start":{"line":22,"column":38},"end":{"line":22,"column":53}},"line":22},"2":{"name":"(anonymous_2)","decl":{"start":{"line":28,"column":16},"end":{"line":28,"column":17}},"loc":{"start":{"line":28,"column":22},"end":{"line":30,"column":5}},"line":28},"3":{"name":"loadOrders","decl":{"start":{"line":33,"column":17},"end":{"line":33,"column":27}},"loc":{"start":{"line":33,"column":30},"end":{"line":43,"column":3}},"line":33},"4":{"name":"renderOrder","decl":{"start":{"line":45,"column":11},"end":{"line":45,"column":22}},"loc":{"start":{"line":45,"column":33},"end":{"line":76,"column":3}},"line":45},"5":{"name":"(anonymous_5)","decl":{"start":{"line":48,"column":15},"end":{"line":48,"column":16}},"loc":{"start":{"line":48,"column":32},"end":{"line":48,"column":76}},"line":48},"6":{"name":"(anonymous_6)","decl":{"start":{"line":49,"column":17},"end":{"line":49,"column":18}},"loc":{"start":{"line":50,"column":10},"end":{"line":52,"column":12}},"line":50},"7":{"name":"(anonymous_7)","decl":{"start":{"line":95,"column":22},"end":{"line":95,"column":23}},"loc":{"start":{"line":95,"column":32},"end":{"line":95,"column":50}},"line":95}},"branchMap":{"0":{"loc":{"start":{"line":48,"column":46},"end":{"line":48,"column":75}},"type":"binary-expr","locations":[{"start":{"line":48,"column":46},"end":{"line":48,"column":53}},{"start":{"line":48,"column":57},"end":{"line":48,"column":75}}],"line":48},"1":{"loc":{"start":{"line":78,"column":2},"end":{"line":84,"column":3}},"type":"if","locations":[{"start":{"line":78,"column":2},"end":{"line":84,"column":3}},{"start":{},"end":{}}],"line":78}},"s":{"0":8,"1":8,"2":8,"3":8,"4":8,"5":4,"6":4,"7":4,"8":3,"9":1,"10":4,"11":2,"12":2,"13":1,"14":8,"15":4,"16":4,"17":4,"18":1},"f":{"0":8,"1":8,"2":4,"3":4,"4":2,"5":2,"6":1,"7":4},"b":{"0":[2,0],"1":[4,4]},"_coverageSchema":"1a1c01bbd47fc00a2c39e90264f33305004495a9","hash":"db3f9bd53b77caae3a66036b19d60b4a6b0b38be"}
,"C:\\Users\\shrey\\OneDrive\\Documents\\react_sprint\\ShopEasy\\src\\screens\\Profile\\ProfileScreen.jsx": {"path":"C:\\Users\\shrey\\OneDrive\\Documents\\react_sprint\\ShopEasy\\src\\screens\\Profile\\ProfileScreen.jsx","statementMap":{"0":{"start":{"line":23,"column":32},"end":{"line":23,"column":46}},"1":{"start":{"line":24,"column":26},"end":{"line":24,"column":38}},"2":{"start":{"line":25,"column":28},"end":{"line":25,"column":40}},"3":{"start":{"line":26,"column":28},"end":{"line":26,"column":40}},"4":{"start":{"line":27,"column":34},"end":{"line":27,"column":46}},"5":{"start":{"line":28,"column":36},"end":{"line":28,"column":51}},"6":{"start":{"line":30,"column":2},"end":{"line":32,"column":9}},"7":{"start":{"line":31,"column":4},"end":{"line":31,"column":18}},"8":{"start":{"line":35,"column":4},"end":{"line":51,"column":5}},"9":{"start":{"line":36,"column":19},"end":{"line":36,"column":34}},"10":{"start":{"line":38,"column":6},"end":{"line":40,"column":7}},"11":{"start":{"line":39,"column":8},"end":{"line":39,"column":15}},"12":{"start":{"line":42,"column":26},"end":{"line":42,"column":51}},"13":{"start":{"line":44,"column":6},"end":{"line":44,"column":30}},"14":{"start":{"line":45,"column":6},"end":{"line":45,"column":32}},"15":{"start":{"line":46,"column":6},"end":{"line":46,"column":34}},"16":{"start":{"line":47,"column":6},"end":{"line":47,"column":34}},"17":{"start":{"line":48,"column":6},"end":{"line":48,"column":44}},"18":{"start":{"line":50,"column":6},"end":{"line":50,"column":25}},"19":{"start":{"line":55,"column":4},"end":{"line":55,"column":21}},"20":{"start":{"line":59,"column":4},"end":{"line":73,"column":5}},"21":{"start":{"line":60,"column":29},"end":{"line":65,"column":8}},"22":{"start":{"line":67,"column":6},"end":{"line":67,"column":33}},"23":{"start":{"line":68,"column":6},"end":{"line":68,"column":26}},"24":{"start":{"line":69,"column":6},"end":{"line":69,"column":62}},"25":{"start":{"line":71,"column":6},"end":{"line":71,"column":25}},"26":{"start":{"line":72,"column":6},"end":{"line":72,"column":56}},"27":{"start":{"line":77,"column":4},"end":{"line":77,"column":26}},"28":{"start":{"line":78,"column":4},"end":{"line":78,"column":28}},"29":{"start":{"line":79,"column":4},"end":{"line":79,"column":28}},"30":{"start":{"line":80,"column":4},"end":{"line":80,"column":38}},"31":{"start":{"line":81,"column":4},"end":{"line":81,"column":24}},"32":{"start":{"line":84,"column":2},"end":{"line":90,"column":3}},"33":{"start":{"line":85,"column":4},"end":{"line":89,"column":6}},"34":{"start":{"line":92,"column":2},"end":{"line":179,"column":4}},"35":{"start":{"line":142,"column":36},"end":{"line":145,"column":13}},"36":{"start":{"line":152,"column":36},"end":{"line":155,"column":13}},"37":{"start":{"line":168,"column":36},"end":{"line":171,"column":13}},"38":{"start":{"line":172,"column":27},"end":{"line":172,"column":45}},"39":{"start":{"line":182,"column":15},"end":{"line":285,"column":2}}},"fnMap":{"0":{"name":"ProfileScreen","decl":{"start":{"line":2
[...]
rt":{"line":40,"column":46},"end":{"line":40,"column":60}},"20":{"start":{"line":42,"column":6},"end":{"line":45,"column":7}},"21":{"start":{"line":43,"column":8},"end":{"line":43,"column":27}},"22":{"start":{"line":44,"column":8},"end":{"line":44,"column":34}},"23":{"start":{"line":49,"column":17},"end":{"line":49,"column":31}},"24":{"start":{"line":51,"column":19},"end":{"line":51,"column":61}},"25":{"start":{"line":51,"column":46},"end":{"line":51,"column":60}},"26":{"start":{"line":53,"column":6},"end":{"line":53,"column":24}},"27":{"start":{"line":53,"column":17},"end":{"line":53,"column":24}},"28":{"start":{"line":55,"column":6},"end":{"line":55,"column":25}},"29":{"start":{"line":56,"column":6},"end":{"line":56,"column":32}},"30":{"start":{"line":58,"column":6},"end":{"line":60,"column":7}},"31":{"start":{"line":59,"column":8},"end":{"line":59,"column":67}},"32":{"start":{"line":59,"column":51},"end":{"line":59,"column":65}},"33":{"start":{"line":63,"column":6},"end":{"line":63,"column":23}},"34":{"start":{"line":64,"column":6},"end":{"line":64,"column":22}},"35":{"start":{"line":75,"column":4},"end":{"line":75,"column":21}}},"fnMap":{"0":{"name":"(anonymous_0)","decl":{"start":{"line":11,"column":15},"end":{"line":11,"column":16}},"loc":{"start":{"line":11,"column":34},"end":{"line":26,"column":5}},"line":11},"1":{"name":"(anonymous_1)","decl":{"start":{"line":14,"column":44},"end":{"line":14,"column":45}},"loc":{"start":{"line":14,"column":54},"end":{"line":14,"column":76}},"line":14},"2":{"name":"(anonymous_2)","decl":{"start":{"line":27,"column":20},"end":{"line":27,"column":21}},"loc":{"start":{"line":27,"column":39},"end":{"line":36,"column":5}},"line":27},"3":{"name":"(anonymous_3)","decl":{"start":{"line":30,"column":36},"end":{"line":30,"column":37}},"loc":{"start":{"line":30,"column":46},"end":{"line":30,"column":60}},"line":30},"4":{"name":"(anonymous_4)","decl":{"start":{"line":35,"column":39},"end":{"line":35,"column":40}},"loc":{"start":{"line":35,"column":49},"end":{"line":35,"column":63}},"line":35},"5":{"name":"(anonymous_5)","decl":{"start":{"line":38,"column":22},"end":{"line":38,"column":23}},"loc":{"start":{"line":38,"column":41},"end":{"line":46,"column":5}},"line":38},"6":{"name":"(anonymous_6)","decl":{"start":{"line":40,"column":36},"end":{"line":40,"column":37}},"loc":{"start":{"line":40,"column":46},"end":{"line":40,"column":60}},"line":40},"7":{"name":"(anonymous_7)","decl":{"start":{"line":48,"column":22},"end":{"line":48,"column":23}},"loc":{"start":{"line":48,"column":41},"end":{"line":61,"column":5}},"line":48},"8":{"name":"(anonymous_8)","decl":{"start":{"line":51,"column":36},"end":{"line":51,"column":37}},"loc":{"start":{"line":51,"column":46},"end":{"line":51,"column":60}},"line":51},"9":{"name":"(anonymous_9)","decl":{"start":{"line":59,"column":41},"end":{"line":59,"column":42}},"loc":{"start":{"line":59,"column":51},"end":{"line":59,"column":65}},"line":59},"10":{"name":"(anonymous_10)","decl":{"start":{"line":62,"column":15},"end":{"line":62,"column":16}},"loc":{"start":{"line":62,"column":26},"end":{"line":65,"column":5}},"line":62}},"branchMap":{"0":{"loc":{"start":{"line":16,"column":6},"end":{"line":23,"column":7}},"type":"if","locations":[{"start":{"line":16,"column":6},"end":{"line":23,"column":7}},{"start":{"line":18,"column":13},"end":{"line":23,"column":7}}],"line":16},"1":{"loc":{"start":{"line":31,"column":6},"end":{"line":31,"column":24}},"type":"if","locations":[{"start":{"line":31,"column":6},"end":{"line":31,"column":24}},{"start":{},"end":{}}],"line":31},"2":{"loc":{"start":{"line":42,"column":6},"end":{"line":45,"column":7}},"type":"if","locations":[{"start":{"line":42,"column":6},"end":{"line":45,"column":7}},{"start":{},"end":{}}],"line":42},"3":{"loc":{"start":{"line":53,"column":6},"end":{"line":53,"column":24}},"type":"if","locations":[{"start":{"line":53,"column":6},"end":{"line":53,"column":24}},{"start":{},"end":{}}],"line":53},"4":{"loc":{"start":{"line":58,"column":6},"end":{"line":60,"column":7}},"type":"if","locations":[{"start":{"line":58,"column":6},"end":{"line":60,"column":7}},{"start":{},"end":{}}],"line":58}},"s":{"0":5,"1":5,"2":3,"3":3,"4":2,"5":3,"6":1,"7":2,"8":3,"9":2,"10":2,"11":2,"12":2,"13":1,"14":1,"15":1,"16":2,"17":2,"18":2,"19":2,"20":2,"21":1,"22":1,"23":3,"24":3,"25":3,"26":3,"27":1,"28":2,"29":2,"30":2,"31":1,"32":1,"33":2,"34":2,"35":5},"f":{"0":3,"1":2,"2":2,"3":2,"4":2,"5":2,"6":2,"7":3,"8":3,"9":1,"10":2},"b":{"0":[1,2],"1":[1,1],"2":[1,1],"3":[1,2],"4":[1,1]},"_coverageSchema":"1a1c01bbd47fc00a2c39e90264f33305004495a9","hash":"a7d6a04469296358fc9738be3b43b92ca52b018b"}
,"C:\\Users\\shrey\\OneDrive\\Documents\\react_sprint\\ShopEasy\\src\\store\\slices\\locationSlice.js": {"path":"C:\\Users\\shrey\\OneDrive\\Documents\\react_sprint\\ShopEasy\\src\\store\\slices\\locationSlice.js","statementMap":{"0":{"start":{"line":3,"column":21},"end":{"line":6,"column":1}},"1":{"start":{"line":8,"column":22},"end":{"line":22,"column":2}},"2":{"start":{"line":13,"column":6},"end":{"line":13,"column":47}},"3":{"start":{"line":14,"column":6},"end":{"line":14,"column":49}},"4":{"start":{"line":18,"column":6},"end":{"line":18,"column":28}},"5":{"start":{"line":19,"column":6},"end":{"line":19,"column":29}},"6":{"start":{"line":27,"column":4},"end":{"line":27,"column":25}}},"fnMap":{"0":{"name":"(anonymous_0)","decl":{"start":{"line":12,"column":17},"end":{"line":12,"column":18}},"loc":{"start":{"line":12,"column":36},"end":{"line":15,"column":5}},"line":12},"1":{"name":"(anonymous_1)","decl":{"start":{"line":17,"column":19},"end":{"line":17,"column":20}},"loc":{"start":{"line":17,"column":30},"end":{"line":20,"column":5}},"line":17}},"branchMap":{},"s":{"0":2,"1":2,"2":2,"3":2,"4":2,"5":2,"6":2},"f":{"0":2,"1":2},"b":{},"_coverageSchema":"1a1c01bbd47fc00a2c39e90264f33305004495a9","hash":"153a3f5c2216de24724c32953f11d006499828b6"}
,"C:\\Users\\shrey\\OneDrive\\Documents\\react_sprint\\ShopEasy\\src\\store\\slices\\productSlice.js": {"path":"C:\\Users\\shrey\\OneDrive\\Documents\\react_sprint\\ShopEasy\\src\\store\\slices\\productSlice.js","statementMap":{"0":{"start":{"line":3,"column":21},"end":{"line":10,"column":1}},"1":{"start":{"line":12,"column":21},"end":{"line":62,"column":2}},"2":{"start":{"line":17,"column":12},"end":{"line":17,"column":44}},"3":{"start":{"line":18,"column":12},"end":{"line":18,"column":52}},"4":{"start":{"line":19,"column":12},"end":{"line":19,"column":34}},"5":{"start":{"line":23,"column":12},"end":{"line":23,"column":43}},"6":{"start":{"line":27,"column":31},"end":{"line":27,"column":59}},"7":{"start":{"line":29,"column":12},"end":{"line":29,"column":42}},"8":{"start":{"line":31,"column":12},"end":{"line":33,"column":14}},"9":{"start":{"line":32,"column":16},"end":{"line":32,"column":63}},"10":{"start":{"line":37,"column":29},"end":{"line":37,"column":43}},"11":{"start":{"line":39,"column":12},"end":{"line":39,"column":38}},"12":{"start":{"line":41,"column":12},"end":{"line":47,"column":13}},"13":{"start":{"line":42,"column":16},"end":{"line":42,"column":56}},"14":{"start":{"line":44,"column":16},"end":{"line":46,"column":18}},"15":{"start":{"line":45,"column":31},"end":{"line":45,"column":60}},"16":{"start":{"line":51,"column":12},"end":{"line":51,"column":32}},"17":{"start":{"line":52,"column":12},"end":{"line":52,"column":40}},"18":{"start":{"line":53,"column":12},"end":{"line":53,"column":30}},"19":{"start":{"line":54,"column":12},"end":{"line":54,"column":35}},"20":{"start":{"line":55,"column":12},"end":{"line":55,"column":34}},"21":{"start":{"line":58,"column":12},"end":{"line":58,"column":41}},"22":{"start":{"line":59,"column":12},"end":{"line":59,"column":34}},"23":{"start":{"line":71,"column":4},"end":{"line":71,"column":24}}},"fnMap":{"0":{"name":"(anonymous_0)","decl":{"start":{"line":16,"column":21},"end":{"line":16,"column":22}},"loc":{"start":{"line":16,"column":40},"end":{"line":20,"column":9}},"line":16},"1":{"name":"(anonymous_1)","decl":{"start":{"line":22,"column":20},"end":{"line":22,"column":21}},"loc":{"start":{"line":22,"column":39},"end":{"line":24,"column":9}},"line":22},"2":{"name":"(anonymous_2)","decl":{"start":{"line":26,"column":24},"end":{"line":26,"column":25}},"loc":{"start":{"line":26,"column":43},"end":{"line":34,"column":9}},"line":26},"3":{"name":"(anonymous_3)","decl":{"start":{"line":31,"column":59},"end":{"line":31,"column":60}},"loc":{"start":{"line":32,"column":16},"end":{"line":32,"column":63}},"line":32},"4":{"name":"(anonymous_4)","decl":{"start":{"line":36,"column":24},"end":{"line":36,"column":25}},"loc":{"start":{"line":36,"column":43},"end":{"line":48,"column":9}},"line":36},"5":{"name":"(anonymous_5)","decl":{"start":{"line":45,"column":20},"end":{"line":45,"column":21}},"loc":{"start":{"line":45,"column":31},"end":{"line":45,"column":60}},"line":45},"6":{"name":"(anonymous_6)","decl":{"start":{"line":50,"column":23},"end":{"line":50,"column":24}},"loc":{"start":{"line":50,"column":34},"end":{"line":56,"column":9}},"line":50},"7":{"name":"(anonymous_7)","decl":{"start":{"line":57,"column":18},"end":{"line":57,"column":19}},"loc":{"start":{"line":57,"column":37},"end":{"line":60,"column":9}},"line":57}},"branchMap":{"0":{"loc":{"start":{"line":41,"column":12},"end":{"line":47,"column":13}},"type":"if","locations":[{"start":{"line":41,"column":12},"end":{"line":47,"column":13}},{"start":{"line":43,"column":19},"end":{"line":47,"column":13}}],"line":41}},"s":{"0":2,"1":2,"2":2,"3":2,"4":2,"5":2,"6":3,"7":3,"8":3,"9":9,"10":3,"11":3,"12":3,"13":1,"14":2,"15":6,"16":1,"17":1,"18":1,"19":1,"20":1,"21":1,"22":1,"23":2},"f":{"0":2,"1":2,"2":3,"3":9,"4":3,"5":6,"6":1,"7":1},"b":{"0":[1,2]},"_coverageSchema":"1a1c01bbd47fc00a2c39e90264f33305004495a9","hash":"65ae44bd73777b7c659daf71bb08ad755574d3ef"}
,"C:\\Users\\shrey\\OneDrive\\Documents\\react_sprint\\ShopEasy\\src\\store\\slices\\wishlistSlice.js": {"path":"C:\\Users\\shrey\\OneDrive\\Documents\\react_sprint\\ShopEasy\\src\\store\\slices\\wishlistSlice.js","statementMap":{"0":{"start":{"line":3,"column":21},"end":{"line":5,"column":1}},"1":{"start":{"line":7,"column":22},"end":{"line":43,"column":2}},"2":{"start":{"line":12,"column":27},"end":{"line":14,"column":13}},"3":{"start":{"line":13,"column":24},"end":{"line":13,"column":53}},"4":{"start":{"line":16,"column":12},"end":{"line":18,"column":13}},"5":{"start":{"line":17,"column":16},"end":{"line":17,"column":49}},"6":{"start":{"line":22,"column":12},"end":{"line":24,"column":14}},"7":{"start":{"line":23,"column":24},"end":{"line":23,"column":53}},"8":{"start":{"line":28,"column":26},"end":{"line":30,"column":13}},"9":{"start":{"line":29,"column":24},"end":{"line":29,"column":53}},"10":{"start":{"line":32,"column":12},"end":{"line":36,"column":13}},"11":{"start":{"line":33,"column":16},"end":{"line":33,"column":45}},"12":{"start":{"line":35,"column":16},"end":{"line":35,"column":49}},"13":{"start":{"line":40,"column":12},"end":{"line":40,"column":29}},"14":{"start":{"line":50,"column":4},"end":{"line":50,"column":25}}},"fnMap":{"0":{"name":"(anonymous_0)","decl":{"start":{"line":11,"column":23},"end":{"line":11,"column":24}},"loc":{"start":{"line":11,"column":42},"end":{"line":19,"column":9}},"line":11},"1":{"name":"(anonymous_1)","decl":{"start":{"line":13,"column":16},"end":{"line":13,"column":17}},"loc":{"start":{"line":13,"column":24},"end":{"line":13,"column":53}},"line":13},"2":{"name":"(anonymous_2)","decl":{"start":{"line":21,"column":28},"end":{"line":21,"column":29}},"loc":{"start":{"line":21,"column":47},"end":{"line":25,"column":9}},"line":21},"3":{"name":"(anonymous_3)","decl":{"start":{"line":23,"column":16},"end":{"line":23,"column":17}},"loc":{"start":{"line":23,"column":24},"end":{"line":23,"column":53}},"line":23},"4":{"name":"(anonymous_4)","decl":{"start":{"line":27,"column":24},"end":{"line":27,"column":25}},"loc":{"start":{"line":27,"column":43},"end":{"line":37,"column":9}},"line":27},"5":{"name":"(anonymous_5)","decl":{"start":{"line":29,"column":16},"end":{"line":29,"column":17}},"loc":{"start":{"line":29,"column":24},"end":{"line":29,"column":53}},"line":29},"6":{"name":"(anonymous_6)","decl":{"start":{"line":39,"column":23},"end":{"line":39,"column":24}},"loc":{"start":{"line":39,"column":34},"end":{"line":41,"column":9}},"line":39}},"branchMap":{"0":{"loc":{"start":{"line":16,"column":12},"end":{"line":18,"column":13}},"type":"if","locations":[{"start":{"line":16,"column":12},"end":{"line":18,"column":13}},{"start":{},"end":{}}],"line":16},"1":{"loc":{"start":{"line":32,"column":12},"end":{"line":36,"column":13}},"type":"if","locations":[{"start":{"line":32,"column":12},"end":{"line":36,"column":13}},{"start":{"line":34,"column":19},"end":{"line":36,"column":13}}],"line":32}},"s":{"0":3,"1":3,"2":3,"3":2,"4":3,"5":2,"6":2,"7":3,"8":2,"9":1,"10":2,"11":1,"12":1,"13":2,"14":3},"f":{"0":3,"1":2,"2":2,"3":3,"4":2,"5":1,"6":2},"b":{"0":[2,1],"1":[1,1]},"_coverageSchema":"1a1c01bbd47fc00a2c39e90264f33305004495a9","hash":"256f7124ce4f0043220201e2e63e5f25c8131c1b"}
,"C:\\Users\\shrey\\OneDrive\\Documents\\react_sprint\\ShopEasy\\src\\theme\\colors.js": {"path":"C:\\Users\\shrey\\OneDrive\\Documents\\react_sprint\\ShopEasy\\src\\theme\\colors.js","statementMap":{"0":{"start":{"line":26,"column":22},"end":{"line":48,"column":1}}},"fnMap":{},"branchMap":{},"s":{"0":15},"f":{},"b":{},"_coverageSchema":"1a1c01bbd47fc00a2c39e90264f33305004495a9","hash":"7be320bfc40a616bd615b26da9bdcdf50336fb6c"}
,"C:\\Users\\shrey\\OneDrive\\Documents\\react_sprint\\ShopEasy\\src\\theme\\radius.js": {"path":"C:\\Users\\shrey\\OneDrive\\Documents\\react_sprint\\ShopEasy\\src\\theme\\radius.js","statementMap":{"0":{"start":{"line":3,"column":19},"end":{"line":3,"column":40}},"1":{"start":{"line":5,"column":22},"end":{"line":12,"column":1}}},"fnMap":{},"branchMap":{"0":{"loc":{"start":{"line":6,"column":6},"end":{"line":6,"column":24}},"type":"cond-expr","locations":[{"start":{"line":6,"column":19},"end":{"line":6,"column":20}},{"start":{"line":6,"column":23},"end":{"line":6,"column":24}}],"line":6},"1":{"loc":{"start":{"line":7,"column":6},"end":{"line":7,"column":24}},"type":"cond-expr","locations":[{"start":{"line":7,"column":19},"end":{"line":7,"column":20}},{"start":{"line":7,"column":23},"end":{"line":7,"column":24}}],"line":7},"2":{"loc":{"start":{"line":8,"column":6},"end":{"line":8,"column":25}},"type":"cond-expr","locations":[{"start":{"line":8,"column":19},"end":{"line":8,"column":21}},{"start":{"line":8,"column":24},"end":{"line":8,"column":25}}],"line":8},"3":{"loc":{"start":{"line":9,"column":6},"end":{"line":9,"column":26}},"type":"cond-expr","locations":[{"start":{"line":9,"column":19},"end":{"line":9,"column":21}},{"start":{"line":9,"column":24},"end":{"line":9,"column":26}}],"line":9},"4":{"loc":{"start":{"line":10,"column":6},"end":{"line":10,"column":26}},"type":"cond-expr","locations":[{"start":{"line":10,"column":19},"end":{"line":10,"column":21}},{"start":{"line":10,"column":24},"end":{"line":10,"column":26}}],"line":10}},"s":{"0":12,"1":12},"f":{},"b":{"0":[12,0],"1":[12,0],"2":[12,0],"3":[12,0],"4":[12,0]},"_coverageSchema":"1a1c01bbd47fc00a2c39e90264f33305004495a9","hash":"0a8bb6adfe7056469fc80061348013d2415fd044"}
,"C:\\Users\\shrey\\OneDrive\\Documents\\react_sprint\\ShopEasy\\src\\theme\\shadows.js": {"path":"C:\\Users\\shrey\\OneDrive\\Documents\\react_sprint\\ShopEasy\\src\\theme\\shadows.js","statementMap":{"0":{"start":{"line":3,"column":22},"end":{"line":51,"column":1}}},"fnMap":{},"branchMap":{},"s":{"0":11},"f":{},"b":{},"_coverageSchema":"1a1c01bbd47fc00a2c39e90264f33305004495a9","hash":"eac0da6dffbe69904901f8535ce3301c1e19a0bb"}
,"C:\\Users\\shrey\\OneDrive\\Documents\\react_sprint\\ShopEasy\\src\\theme\\spacing.js": {"path":"C:\\Users\\shrey\\OneDrive\\Documents\\react_sprint\\ShopEasy\\src\\theme\\spacing.js","statementMap":{"0":{"start":{"line":3,"column":14},"end":{"line":3,"column":45}},"1":{"start":{"line":5,"column":23},"end":{"line":14,"column":1}}},"fnMap":{},"branchMap":{"0":{"loc":{"start":{"line":3,"column":14},"end":{"line":3,"column":45}},"type":"cond-expr","locations":[{"start":{"line":3,"column":38},"end":{"line":3,"column":41}},{"start":{"line":3,"column":44},"end":{"line":3,"column":45}}],"line":3}},"s":{"0":15,"1":15},"f":{},"b":{"0":[15,0]},"_coverageSchema":"1a1c01bbd47fc00a2c39e90264f33305004495a9","hash":"9c78f5554d0839b533b70ea8d56d6b4a4b9d44de"}
,"C:\\Users\\shrey\\OneDrive\\Documents\\react_sprint\\ShopEasy\\src\\theme\\typography.js": {"path":"C:\\Users\\shrey\\OneDrive\\Documents\\react_sprint\\ShopEasy\\src\\theme\\typography.js","statementMap":{"0":{"start":{"line":2,"column":12},"end":{"line":2,"column":33}},"1":{"start":{"line":3,"column":27},"end":{"line":14,"column":1}},"2":{"start":{"line":16,"column":25},"end":{"line":24,"column":1}},"3":{"start":{"line":26,"column":27},"end":{"line":34,"column":1}},"4":{"start":{"line":36,"column":30},"end":{"line":41,"column":1}},"5":{"start":{"line":43,"column":19},"end":{"line":111,"column":1}}},"fnMap":{},"branchMap":{"0":{"loc":{"start":{"line":17,"column":6},"end":{"line":17,"column":19}},"type":"cond-expr","locations":[{"start":{"line":17,"column":12},"end":{"line":17,"column":14}},{"start":{"line":17,"column":17},"end":{"line":17,"column":19}}],"line":17},"1":{"loc":{"start":{"line":18,"column":6},"end":{"line":18,"column":19}},"type":"cond-expr","locations":[{"start":{"line":18,"column":12},"end":{"line":18,"column":14}},{"start":{"line":18,"column":17},"end":{"line":18,"column":19}}],"line":18},"2":{"loc":{"start":{"line":19,"column":6},"end":{"line":19,"column":19}},"type":"cond-expr","locations":[{"start":{"line":19,"column":12},"end":{"line":19,"column":14}},{"start":{"line":19,"column":17},"end":{"line":19,"column":19}}],"line":19},"3":{"loc":{"start":{"line":20,"column":6},"end":{"line":20,"column":19}},"type":"cond-expr","locations":[{"start":{"line":20,"column":12},"end":{"line":20,"column":14}},{"start":{"line":20,"column":17},"end":{"line":20,"column":19}}],"line":20},"4":{"loc":{"start":{"line":21,"column":6},"end":{"line":21,"column":19}},"type":"cond-expr","locations":[{"start":{"line":21,"column":12},"end":{"line":21,"column":14}},{"start":{"line":21,"column":17},"end":{"line":21,"column":19}}],"line":21},"5":{"loc":{"start":{"line":22,"column":7},"end":{"line":22,"column":20}},"type":"cond-expr","locations":[{"start":{"line":22,"column":13},"end":{"line":22,"column":15}},{"start":{"line":22,"column":18},"end":{"line":22,"column":20}}],"line":22},"6":{"loc":{"start":{"line":23,"column":11},"end":{"line":23,"column":24}},"type":"cond-expr","locations":[{"start":{"line":23,"column":17},"end":{"line":23,"column":19}},{"start":{"line":23,"column":22},"end":{"line":23,"column":24}}],"line":23}},"s":{"0":14,"1":14,"2":14,"3":14,"4":14,"5":14},"f":{},"b":{"0":[14,0],"1":[14,0],"2":[14,0],"3":[14,0],"4":[14,0],"5":[14,0],"6":[14,0]},"_coverageSchema":"1a1c01bbd47fc00a2c39e90264f33305004495a9","hash":"dc5d2699fb4558170a3f13eb327947f7fc975a13"}
,"C:\\Users\\shrey\\OneDrive\\Documents\\react_sprint\\ShopEasy\\src\\validation\\loginSchema.js": {"path":"C:\\Users\\shrey\\OneDrive\\Documents\\react_sprint\\ShopEasy\\src\\validation\\loginSchema.js","statementMap":{"0":{"start":{"line":3,"column":27},"end":{"line":11,"column":2}}},"fnMap":{},"branchMap":{},"s":{"0":2},"f":{},"b":{},"_coverageSchema":"1a1c01bbd47fc00a2c39e90264f33305004495a9","hash":"382696b03c021fcecbcbe0557977b4eb7cb3518f"}
,"C:\\Users\\shrey\\OneDrive\\Documents\\react_sprint\\ShopEasy\\src\\validation\\registrationSchema.js": {"path":"C:\\Users\\shrey\\OneDrive\\Documents\\react_sprint\\ShopEasy\\src\\validation\\registrationSchema.js","statementMap":{"0":{"start":{"line":3,"column":34},"end":{"line":15,"column":2}}},"fnMap":{},"branchMap":{},"s":{"0":2},"f":{},"b":{},"_coverageSchema":"1a1c01bbd47fc00a2c39e90264f33305004495a9","hash":"2f6f395619090656eefcb265dbe9eb0ff3b46ca0"}
}
