TN:
SF:src\components\ImagePicker.jsx
FN:9,ImagePickerComponent
FN:10,pickImage
FN:34,(anonymous_2)
FNF:3
FNH:3
FNDA:6,ImagePickerComponent
FNDA:5,pickImage
FNDA:6,(anonymous_2)
DA:12,5
DA:13,5
DA:14,1
DA:15,1
DA:17,4
DA:23,4
DA:24,2
DA:25,2
DA:26,1
DA:31,6
DA:34,6
DA:47,1
LF:12
LH:12
BRDA:13,0,0,1
BRDA:13,0,1,4
BRDA:23,1,0,2
BRDA:23,1,1,2
BRDA:25,2,0,1
BRDA:25,2,1,1
BRDA:36,3,0,6
BRDA:36,3,1,0
BRF:8
BRH:7
end_of_record
TN:
SF:src\components\MapPicker.jsx
FN:90,MapPicker
FN:92,handleMessage
FNF:2
FNH:2
FNDA:4,MapPicker
FNDA:3,handleMessage
DA:5,1
DA:94,3
DA:96,2
DA:97,1
DA:102,4
DA:120,1
LF:6
LH:6
BRDA:96,0,0,1
BRDA:96,0,1,1
BRF:2
BRH:2
end_of_record
TN:
SF:src\components\QRScanner.jsx
FN:10,QRScanner
FN:14,handleQRcodeScanned
FN:30,(anonymous_2)
FN:57,(anonymous_3)
FN:61,(anonymous_4)
FNF:5
FNH:5
FNDA:12,QRScanner
FNDA:2,handleQRcodeScanned
FNDA:2,(anonymous_2)
FNDA:6,(anonymous_3)
FNDA:3,(anonymous_4)
DA:11,12
DA:12,12
DA:15,2
DA:17,2
DA:18,1
DA:22,12
DA:23,1
DA:26,11
DA:27,2
DA:30,2
DA:42,9
DA:43,3
DA:54,6
DA:57,6
DA:61,3
DA:69,1
LF:16
LH:16
BRDA:17,0,0,1
BRDA:17,0,1,1
BRDA:22,1,0,1
BRDA:22,1,1,11
BRDA:26,2,0,2
BRDA:26,2,1,9
BRDA:32,3,0,2
BRDA:32,3,1,0
BRDA:42,4,0,3
BRDA:42,4,1,6
BRDA:59,5,0,6
BRDA:59,5,1,0
BRF:12
BRH:10
end_of_record
TN:
SF:src\components\cart\CartItem.jsx
FN:18,CartItem
FN:39,(anonymous_1)
FN:53,(anonymous_2)
FN:65,(anonymous_3)
FN:71,(anonymous_4)
FNF:5
FNH:5
FNDA:4,CartItem
FNDA:1,(anonymous_1)
FNDA:1,(anonymous_2)
FNDA:4,(anonymous_3)
FNDA:1,(anonymous_4)
DA:24,4
DA:39,1
DA:53,1
DA:65,4
DA:71,1
DA:83,1
LF:6
LH:6
BRDA:67,0,0,4
BRDA:67,0,1,4
BRDA:67,0,2,0
BRDA:89,1,0,1
BRDA:89,1,1,0
BRDA:96,2,0,1
BRDA:96,2,1,0
BRDA:97,3,0,1
BRDA:97,3,1,0
BRDA:100,4,0,1
BRDA:100,4,1,0
BRDA:134,5,0,1
BRDA:134,5,1,0
BRDA:135,6,0,1
BRDA:135,6,1,0
BRDA:141,7,0,1
BRDA:141,7,1,0
BRF:17
BRH:9
end_of_record
TN:
SF:src\components\product\Price.jsx
FN:7,Price
FNF:1
FNH:1
FNDA:4,Price
DA:12,4
DA:14,4
DA:21,1
LF:3
LH:3
BRDA:10,0,0,4
BRF:1
BRH:1
end_of_record
TN:
SF:src\components\product\ProductCard.jsx
FN:21,ProductCard
FN:29,(anonymous_1)
FN:31,(anonymous_2)
FN:64,(anonymous_3)
FNF:4
FNH:4
FNDA:4,ProductCard
FNDA:1,(anonymous_1)
FNDA:4,(anonymous_2)
FNDA:1,(anonymous_3)
DA:27,4
DA:29,1
DA:31,4
DA:64,1
DA:72,1
LF:5
LH:5
BRDA:33,0,0,4
BRDA:33,0,1,4
BRDA:33,0,2,0
BRDA:79,1,0,1
BRDA:79,1,1,0
BRDA:97,2,0,1
BRDA:97,2,1,0
BRDA:101,3,0,1
BRDA:101,3,1,0
BRDA:114,4,0,1
BRDA:114,4,1,0
BRDA:123,5,0,1
BRDA:123,5,1,0
BRDA:130,6,0,1
BRDA:130,6,1,0
BRF:15
BRH:8
end_of_record
TN:
SF:src\components\product\Rating.jsx
FN:14,Rating
FNF:1
FNH:1
FNDA:4,Rating
DA:18,4
DA:31,1
LF:2
LH:2
BRDA:16,0,0,4
BRDA:16,1,0,4
BRDA:16,1,1,0
BRF:3
BRH:2
end_of_record
TN:
SF:src\components\product\WishListButton.jsx
FN:12,WishlistButton
FN:23,(anonymous_1)
FNF:2
FNH:2
FNDA:4,WishlistButton
FNDA:4,(anonymous_1)
DA:16,4
DA:23,4
DA:39,1
LF:3
LH:3
BRDA:13,0,0,0
BRDA:25,1,0,4
BRDA:25,1,1,4
BRDA:25,1,2,0
BRDA:31,2,0,1
BRDA:31,2,1,3
BRDA:32,3,0,4
BRDA:32,3,1,0
BRF:8
BRH:5
end_of_record
TN:
SF:src\components\search\SearchBar.jsx
FN:10,SearchBar
FNF:1
FNH:1
FNDA:3,SearchBar
DA:12,3
DA:34,1
LF:2
LH:2
BRDA:10,0,0,2
BRF:1
BRH:1
end_of_record
TN:
SF:src\screens\Address\AddressFormScreen.jsx
FN:43,AddressFormScreen
FN:48,(anonymous_1)
FN:50,(anonymous_2)
FN:72,(anonymous_3)
FN:80,(anonymous_4)
FN:88,loadAddress
FN:108,handleSave
FN:265,(anonymous_7)
FN:269,(anonymous_8)
FN:275,(anonymous_9)
FN:287,(anonymous_10)
FN:292,(anonymous_11)
FN:305,(anonymous_12)
FN:309,(anonymous_13)
FNF:14
FNH:13
FNDA:48,AddressFormScreen
FNDA:48,(anonymous_1)
FNDA:48,(anonymous_2)
FNDA:7,(anonymous_3)
FNDA:7,(anonymous_4)
FNDA:1,loadAddress
FNDA:3,handleSave
FNDA:48,(anonymous_7)
FNDA:1,(anonymous_8)
FNDA:48,(anonymous_9)
FNDA:48,(anonymous_10)
FNDA:0,(anonymous_11)
FNDA:48,(anonymous_12)
FNDA:1,(anonymous_13)
DA:30,1
DA:44,48
DA:46,48
DA:48,48
DA:50,48
DA:52,48
DA:53,48
DA:55,48
DA:57,48
DA:72,48
DA:73,7
DA:75,7
DA:76,1
DA:80,48
DA:81,7
DA:82,7
DA:83,3
DA:84,3
DA:89,1
DA:90,1
DA:92,1
DA:102,1
DA:104,0
DA:109,3
DA:110,3
DA:111,1
DA:112,1
DA:115,2
DA:128,2
DA:129,1
DA:131,1
DA:133,1
DA:135,1
DA:138,2
DA:140,2
DA:142,0
DA:146,48
DA:265,48
DA:269,1
DA:275,48
DA:287,48
DA:292,0
DA:305,48
DA:310,1
DA:311,1
DA:322,1
LF:46
LH:43
BRDA:75,0,0,1
BRDA:75,0,1,6
BRDA:82,1,0,3
BRDA:82,1,1,4
BRDA:82,2,0,7
BRDA:82,2,1,3
BRDA:110,3,0,1
BRDA:110,3,1,2
BRDA:128,4,0,1
BRDA:128,4,1,1
BRDA:149,5,0,48
BRDA:149,5,1,0
BRDA:156,6,0,6
BRDA:156,6,1,42
BRDA:170,7,0,48
BRDA:170,7,1,8
BRDA:170,7,2,1
BRDA:183,8,0,48
BRDA:183,8,1,8
BRDA:183,8,2,1
BRDA:196,9,0,48
BRDA:196,9,1,8
BRDA:196,9,2,1
BRDA:209,10,0,48
BRDA:209,10,1,8
BRDA:209,10,2,1
BRDA:223,11,0,48
BRDA:223,11,1,8
BRDA:223,11,2,1
BRDA:236,12,0,48
BRDA:236,12,1,8
BRDA:236,12,2,1
BRDA:248,13,0,48
BRDA:248,13,1,8
BRDA:248,13,2,1
BRDA:260,14,0,48
BRDA:260,14,1,8
BRDA:260,14,2,1
BRDA:267,15,0,48
BRDA:267,15,1,0
BRDA:277,16,0,48
BRDA:277,16,1,0
BRDA:282,17,0,6
BRDA:282,17,1,42
BRDA:289,18,0,48
BRDA:289,18,1,5
BRDA:290,19,0,48
BRDA:290,19,1,0
BRDA:297,20,0,48
BRDA:297,20,1,5
BRDA:300,21,0,5
BRDA:300,21,1,43
BRDA:307,22,0,48
BRDA:307,22,1,0
BRF:54
BRH:49
end_of_record
TN:
SF:src\screens\Auth\LoginScreen.jsx
FN:26,LoginScreen
FN:30,(anonymous_1)
FN:90,(anonymous_2)
FN:142,(anonymous_3)
FN:159,(anonymous_4)
FNF:5
FNH:5
FNDA:9,LoginScreen
FNDA:3,(anonymous_1)
FNDA:26,(anonymous_2)
FNDA:26,(anonymous_3)
FNDA:1,(anonymous_4)
DA:27,9
DA:28,9
DA:30,9
DA:31,3
DA:32,3
DA:34,3
DA:35,3
DA:37,2
DA:39,2
DA:41,2
DA:42,2
DA:44,2
DA:45,1
DA:48,1
DA:55,1
DA:57,1
DA:59,1
DA:61,2
DA:62,2
DA:63,2
DA:64,2
DA:66,2
DA:68,3
DA:69,3
DA:73,9
DA:98,26
DA:142,26
DA:159,1
DA:169,1
LF:29
LH:29
BRDA:44,0,0,1
BRDA:44,0,1,1
BRDA:75,1,0,9
BRDA:75,1,1,0
BRDA:114,2,0,26
BRDA:114,2,1,8
BRDA:114,2,2,1
BRDA:133,3,0,26
BRDA:133,3,1,8
BRDA:133,3,2,1
BRDA:144,4,0,26
BRDA:144,4,1,26
BRDA:144,4,2,0
BRDA:144,4,3,0
BRDA:145,5,0,26
BRDA:145,5,1,0
BRDA:149,6,0,0
BRDA:149,6,1,26
BRDA:175,7,0,0
BRDA:175,7,1,1
BRDA:199,8,0,1
BRDA:199,8,1,0
BRDA:217,9,0,1
BRDA:217,9,1,0
BRDA:220,10,0,1
BRDA:220,10,1,0
BRDA:222,11,0,1
BRDA:222,11,1,0
BRDA:235,12,0,1
BRDA:235,12,1,0
BRDA:239,13,0,1
BRDA:239,13,1,0
BRF:32
BRH:20
end_of_record
TN:
SF:src\screens\Auth\RegistrationScreen.jsx
FN:25,RegistrationScreen
FN:28,(anonymous_1)
FN:88,(anonymous_2)
FN:155,(anonymous_3)
FN:158,(anonymous_4)
FN:179,(anonymous_5)
FNF:6
FNH:6
FNDA:9,RegistrationScreen
FNDA:3,(anonymous_1)
FNDA:32,(anonymous_2)
FNDA:4,(anonymous_3)
FNDA:32,(anonymous_4)
FNDA:1,(anonymous_5)
DA:26,9
DA:28,9
DA:29,3
DA:31,3
DA:32,3
DA:34,3
DA:40,2
DA:42,2
DA:44,2
DA:46,2
DA:47,2
DA:49,2
DA:50,2
DA:53,0
DA:55,0
DA:57,0
DA:59,3
DA:61,3
DA:63,3
DA:67,9
DA:96,32
DA:155,4
DA:158,32
DA:179,1
DA:189,1
LF:25
LH:22
BRDA:49,0,0,2
BRDA:49,0,1,0
BRDA:69,1,0,9
BRDA:69,1,1,0
BRDA:110,2,0,32
BRDA:110,2,1,8
BRDA:110,2,2,1
BRDA:130,3,0,32
BRDA:130,3,1,8
BRDA:130,3,2,1
BRDA:149,4,0,32
BRDA:149,4,1,8
BRDA:149,4,2,1
BRDA:160,5,0,32
BRDA:160,5,1,32
BRDA:160,5,2,0
BRDA:161,6,0,32
BRDA:161,6,1,0
BRDA:165,7,0,0
BRDA:165,7,1,32
BRDA:200,8,0,0
BRDA:200,8,1,1
BRDA:222,9,0,1
BRDA:222,9,1,0
BRDA:241,10,0,1
BRDA:241,10,1,0
BRDA:244,11,0,1
BRDA:244,11,1,0
BRDA:246,12,0,1
BRDA:246,12,1,0
BRDA:259,13,0,1
BRDA:259,13,1,0
BRDA:263,14,0,1
BRDA:263,14,1,0
BRF:34
BRH:22
end_of_record
TN:
SF:src\screens\Cart\CartScreen.jsx
FN:26,CartScreen
FN:29,(anonymous_1)
FN:30,(anonymous_2)
FN:41,(anonymous_3)
FN:44,(anonymous_4)
FN:47,(anonymous_5)
FN:50,(anonymous_6)
FN:53,(anonymous_7)
FN:91,(anonymous_8)
FN:95,(anonymous_9)
FNF:10
FNH:10
FNDA:4,CartScreen
FNDA:4,(anonymous_1)
FNDA:4,(anonymous_2)
FNDA:6,(anonymous_3)
FNDA:3,(anonymous_4)
FNDA:1,(anonymous_5)
FNDA:1,(anonymous_6)
FNDA:1,(anonymous_7)
FNDA:3,(anonymous_8)
FNDA:1,(anonymous_9)
DA:27,4
DA:29,4
DA:30,4
DA:32,4
DA:33,4
DA:35,4
DA:41,6
DA:45,3
DA:48,1
DA:51,1
DA:54,1
DA:91,3
DA:96,1
DA:111,1
LF:14
LH:14
BRDA:32,0,0,3
BRDA:32,0,1,1
BRDA:71,1,0,4
BRDA:71,1,1,3
BRDA:93,2,0,3
BRDA:93,2,1,0
BRF:6
BRH:5
end_of_record
TN:
SF:src\screens\Cart\PaymentScreen.jsx
FN:25,PaymentScreen
FN:30,(anonymous_1)
FN:31,(anonymous_2)
FN:36,handleQRSuccess
FN:41,handlePlaceOrder
FN:68,(anonymous_5)
FN:118,(anonymous_6)
FN:123,(anonymous_7)
FN:139,(anonymous_8)
FN:144,(anonymous_9)
FN:160,(anonymous_10)
FN:165,(anonymous_11)
FN:181,(anonymous_12)
FN:186,(anonymous_13)
FN:225,(anonymous_14)
FN:235,(anonymous_15)
FN:239,(anonymous_16)
FNF:17
FNH:14
FNDA:9,PaymentScreen
FNDA:9,(anonymous_1)
FNDA:9,(anonymous_2)
FNDA:1,handleQRSuccess
FNDA:4,handlePlaceOrder
FNDA:4,(anonymous_5)
FNDA:9,(anonymous_6)
FNDA:0,(anonymous_7)
FNDA:9,(anonymous_8)
FNDA:2,(anonymous_9)
FNDA:9,(anonymous_10)
FNDA:0,(anonymous_11)
FNDA:9,(anonymous_12)
FNDA:0,(anonymous_13)
FNDA:9,(anonymous_14)
FNDA:9,(anonymous_15)
FNDA:1,(anonymous_16)
DA:26,9
DA:28,9
DA:30,9
DA:31,9
DA:33,9
DA:34,9
DA:37,1
DA:38,1
DA:42,4
DA:43,1
DA:47,1
DA:50,3
DA:52,3
DA:65,3
DA:68,4
DA:76,2
DA:79,2
DA:81,2
DA:85,1
DA:87,1
DA:94,9
DA:118,9
DA:124,0
DA:125,0
DA:139,9
DA:145,2
DA:146,2
DA:160,9
DA:166,0
DA:167,0
DA:181,9
DA:187,0
DA:188,0
DA:225,9
DA:235,9
DA:239,1
DA:247,1
LF:37
LH:31
BRDA:42,0,0,1
BRDA:42,0,1,3
BRDA:42,1,0,4
BRDA:42,1,1,2
BRDA:60,2,0,2
BRDA:60,2,1,1
BRDA:120,3,0,9
BRDA:120,3,1,6
BRDA:121,4,0,9
BRDA:121,4,1,0
BRDA:131,5,0,9
BRDA:131,5,1,6
BRDA:141,6,0,9
BRDA:141,6,1,3
BRDA:142,7,0,9
BRDA:142,7,1,0
BRDA:152,8,0,9
BRDA:152,8,1,3
BRDA:162,9,0,9
BRDA:162,9,1,0
BRDA:163,10,0,9
BRDA:163,10,1,0
BRDA:173,11,0,9
BRDA:173,11,1,0
BRDA:183,12,0,9
BRDA:183,12,1,0
BRDA:184,13,0,9
BRDA:184,13,1,0
BRDA:194,14,0,9
BRDA:194,14,1,0
BRDA:205,15,0,9
BRDA:205,15,1,3
BRDA:214,16,0,3
BRDA:214,16,1,1
BRDA:217,17,0,1
BRDA:217,17,1,2
BRDA:227,18,0,9
BRDA:227,18,1,0
BRDA:237,19,0,9
BRDA:237,19,1,0
BRF:40
BRH:30
end_of_record
TN:
SF:src\screens\Home\HomeScreen.jsx
FN:26,HomeScreen
FN:37,(anonymous_1)
FN:40,(anonymous_2)
FN:45,(anonymous_3)
FN:48,(anonymous_4)
FN:49,(anonymous_5)
FN:63,(anonymous_6)
FN:68,(anonymous_7)
FN:73,(anonymous_8)
FN:115,(anonymous_9)
FN:125,(anonymous_10)
FN:129,(anonymous_11)
FN:131,(anonymous_12)
FN:136,(anonymous_13)
FN:139,(anonymous_14)
FNF:15
FNH:13
FNDA:8,HomeScreen
FNDA:8,(anonymous_1)
FNDA:8,(anonymous_2)
FNDA:12,(anonymous_3)
FNDA:6,(anonymous_4)
FNDA:6,(anonymous_5)
FNDA:1,(anonymous_6)
FNDA:1,(anonymous_7)
FNDA:0,(anonymous_8)
FNDA:20,(anonymous_9)
FNDA:12,(anonymous_10)
FNDA:12,(anonymous_11)
FNDA:1,(anonymous_12)
FNDA:1,(anonymous_13)
FNDA:0,(anonymous_14)
DA:27,8
DA:29,8
DA:30,8
DA:37,8
DA:39,8
DA:40,8
DA:43,8
DA:45,12
DA:48,8
DA:49,6
DA:50,6
DA:52,6
DA:53,6
DA:54,5
DA:56,1
DA:60,6
DA:63,8
DA:64,1
DA:65,1
DA:68,8
DA:69,1
DA:70,1
DA:73,8
DA:74,0
DA:77,8
DA:78,1
DA:88,7
DA:89,1
DA:96,6
DA:115,20
DA:126,12
DA:129,12
DA:132,1
DA:137,1
DA:139,0
DA:147,1
LF:36
LH:34
BRDA:77,0,0,1
BRDA:77,0,1,7
BRDA:81,1,0,1
BRDA:81,1,1,0
BRDA:88,2,0,1
BRDA:88,2,1,6
BRDA:152,3,0,1
BRDA:152,3,1,0
BRDA:159,4,0,1
BRDA:159,4,1,0
BRDA:166,5,0,1
BRDA:166,5,1,0
BRF:12
BRH:8
end_of_record
TN:
SF:src\screens\Home\ProductDetailsScreen.jsx
FN:15,ProductDetailsScreen
FN:20,(anonymous_1)
FNF:2
FNH:2
FNDA:2,ProductDetailsScreen
FNDA:1,(anonymous_1)
DA:16,2
DA:18,2
DA:20,2
DA:21,1
DA:24,2
DA:72,1
LF:6
LH:6
BRF:0
BRH:0
end_of_record
TN:
SF:src\screens\Orders\OrderHistoryScreen.jsx
FN:21,OrderHistoryScreen
FN:22,(anonymous_1)
FN:28,(anonymous_2)
FN:33,loadOrders
FN:45,renderOrder
FN:48,(anonymous_5)
FN:49,(anonymous_6)
FN:95,(anonymous_7)
FNF:8
FNH:8
FNDA:8,OrderHistoryScreen
FNDA:8,(anonymous_1)
FNDA:4,(anonymous_2)
FNDA:4,loadOrders
FNDA:2,renderOrder
FNDA:2,(anonymous_5)
FNDA:1,(anonymous_6)
FNDA:4,(anonymous_7)
DA:22,8
DA:24,8
DA:25,8
DA:27,8
DA:29,4
DA:34,4
DA:35,4
DA:37,3
DA:39,1
DA:41,4
DA:46,2
DA:48,2
DA:50,1
DA:78,8
DA:79,4
DA:86,4
DA:95,4
DA:112,1
LF:18
LH:18
BRDA:48,0,0,2
BRDA:48,0,1,0
BRDA:78,1,0,4
BRDA:78,1,1,4
BRF:4
BRH:3
end_of_record
TN:
SF:src\screens\Profile\ProfileScreen.jsx
FN:22,ProfileScreen
FN:30,(anonymous_1)
FN:34,loadProfile
FN:54,handleImageSelected
FN:58,handleSave
FN:76,handleCancel
FN:142,(anonymous_6)
FN:152,(anonymous_7)
FN:168,(anonymous_8)
FN:172,(anonymous_9)
FNF:10
FNH:10
FNDA:17,ProfileScreen
FNDA:5,(anonymous_1)
FNDA:5,loadProfile
FNDA:1,handleImageSelected
FNDA:2,handleSave
FNDA:1,handleCancel
FNDA:6,(anonymous_6)
FNDA:6,(anonymous_7)
FNDA:6,(anonymous_8)
FNDA:3,(anonymous_9)
DA:23,17
DA:24,17
DA:25,17
DA:26,17
DA:27,17
DA:28,17
DA:30,17
DA:31,5
DA:35,5
DA:36,5
DA:38,4
DA:39,0
DA:42,4
DA:44,4
DA:45,4
DA:46,4
DA:47,4
DA:48,4
DA:50,0
DA:55,1
DA:59,2
DA:60,2
DA:67,1
DA:68,1
DA:69,1
DA:71,1
DA:72,1
DA:77,1
DA:78,1
DA:79,1
DA:80,1
DA:81,1
DA:84,17
DA:85,5
DA:92,12
DA:142,6
DA:152,6
DA:168,6
DA:172,3
DA:182,1
LF:40
LH:38
BRDA:38,0,0,0
BRDA:38,0,1,4
BRDA:84,1,0,5
BRDA:84,1,1,12
BRDA:103,2,0,12
BRDA:103,2,1,0
BRDA:110,3,0,6
BRDA:110,3,1,6
BRDA:144,4,0,6
BRDA:144,4,1,0
BRDA:154,5,0,6
BRDA:154,5,1,0
BRDA:170,6,0,6
BRDA:170,6,1,0
BRF:14
BRH:9
end_of_record
TN:
SF:src\screens\Wishlist\WishlistScreen.jsx
FN:15,WishlistScreen
FN:19,(anonymous_1)
FN:38,(anonymous_2)
FN:42,(anonymous_3)
FN:46,(anonymous_4)
FN:52,(anonymous_5)
FNF:6
FNH:6
FNDA:4,WishlistScreen
FNDA:4,(anonymous_1)
FNDA:6,(anonymous_2)
FNDA:3,(anonymous_3)
FNDA:1,(anonymous_4)
FNDA:1,(anonymous_5)
DA:16,4
DA:18,4
DA:19,4
DA:22,4
DA:23,1
DA:33,3
DA:38,6
DA:43,3
DA:47,1
DA:53,1
DA:62,1
LF:11
LH:11
BRDA:22,0,0,1
BRDA:22,0,1,3
BRF:2
BRH:2
end_of_record
TN:
SF:src\services\addressService.js
FN:5,(anonymous_0)
FN:13,(anonymous_1)
FN:21,(anonymous_2)
FN:30,(anonymous_3)
FN:42,(anonymous_4)
FNF:5
FNH:5
FNDA:3,(anonymous_0)
FNDA:2,(anonymous_1)
FNDA:2,(anonymous_2)
FNDA:2,(anonymous_3)
FNDA:2,(anonymous_4)
DA:3,1
DA:5,1
DA:6,3
DA:10,2
DA:13,1
DA:14,2
DA:18,1
DA:21,1
DA:22,2
DA:27,1
DA:30,1
DA:34,2
DA:39,1
DA:42,1
DA:43,2
LF:15
LH:15
BRF:0
BRH:0
end_of_record
TN:
SF:src\services\orderService.js
FN:9,getOrders
FN:19,getOrder
FN:23,getNextOrderId
FN:34,createOrder
FN:47,getOrderItems
FN:57,createOrderItem
FN:63,createOrderItems
FN:64,(anonymous_7)
FNF:8
FNH:8
FNDA:3,getOrders
FNDA:2,getOrder
FNDA:5,getNextOrderId
FNDA:2,createOrder
FNDA:3,getOrderItems
FNDA:2,createOrderItem
FNDA:3,createOrderItems
FNDA:3,(anonymous_7)
DA:3,1
DA:10,3
DA:16,2
DA:20,2
DA:21,1
DA:24,5
DA:27,4
DA:29,4
DA:30,2
DA:32,2
DA:35,2
DA:37,2
DA:42,1
DA:48,3
DA:54,2
DA:58,2
DA:60,1
DA:64,3
LF:18
LH:18
BRDA:29,0,0,2
BRDA:29,0,1,2
BRF:2
BRH:2
end_of_record
TN:
SF:src\services\profileService.js
FN:5,(anonymous_0)
FN:10,(anonymous_1)
FNF:2
FNH:2
FNDA:3,(anonymous_0)
FNDA:3,(anonymous_1)
DA:3,1
DA:5,1
DA:6,3
DA:7,2
DA:10,1
DA:11,3
DA:16,2
LF:7
LH:7
BRF:0
BRH:0
end_of_record
TN:
SF:src\store\slices\authSlice.js
FN:14,(anonymous_0)
FN:21,(anonymous_1)
FN:27,(anonymous_2)
FN:30,(anonymous_3)
FNF:4
FNH:4
FNDA:2,(anonymous_0)
FNDA:2,(anonymous_1)
FNDA:2,(anonymous_2)
FNDA:2,(anonymous_3)
DA:3,2
DA:10,2
DA:15,2
DA:16,2
DA:17,2
DA:18,2
DA:22,2
DA:23,2
DA:24,2
DA:25,2
DA:28,2
DA:31,2
DA:32,2
DA:33,2
DA:43,2
LF:15
LH:15
BRF:0
BRH:0
end_of_record
TN:
SF:src\store\slices\cartSlice.js
FN:11,(anonymous_0)
FN:14,(anonymous_1)
FN:27,(anonymous_2)
FN:30,(anonymous_3)
FN:35,(anonymous_4)
FN:38,(anonymous_5)
FN:40,(anonymous_6)
FN:48,(anonymous_7)
FN:51,(anonymous_8)
FN:59,(anonymous_9)
FN:62,(anonymous_10)
FNF:11
FNH:11
FNDA:3,(anonymous_0)
FNDA:2,(anonymous_1)
FNDA:2,(anonymous_2)
FNDA:2,(anonymous_3)
FNDA:2,(anonymous_4)
FNDA:2,(anonymous_5)
FNDA:2,(anonymous_6)
FNDA:3,(anonymous_7)
FNDA:3,(anonymous_8)
FNDA:1,(anonymous_9)
FNDA:2,(anonymous_10)
DA:2,5
DA:7,5
DA:12,3
DA:14,3
DA:16,3
DA:17,1
DA:19,2
DA:25,3
DA:28,2
DA:30,2
DA:31,2
DA:33,1
DA:35,2
DA:39,2
DA:40,2
DA:42,2
DA:43,1
DA:44,1
DA:49,3
DA:51,3
DA:53,3
DA:55,2
DA:56,2
DA:58,2
DA:59,1
DA:63,2
DA:64,2
DA:75,5
LF:28
LH:28
BRDA:16,0,0,1
BRDA:16,0,1,2
BRDA:31,1,0,1
BRDA:31,1,1,1
BRDA:42,2,0,1
BRDA:42,2,1,1
BRDA:53,3,0,1
BRDA:53,3,1,2
BRDA:58,4,0,1
BRDA:58,4,1,1
BRF:10
BRH:10
end_of_record
TN:
SF:src\store\slices\locationSlice.js
FN:12,(anonymous_0)
FN:17,(anonymous_1)
FNF:2
FNH:2
FNDA:2,(anonymous_0)
FNDA:2,(anonymous_1)
DA:3,2
DA:8,2
DA:13,2
DA:14,2
DA:18,2
DA:19,2
DA:27,2
LF:7
LH:7
BRF:0
BRH:0
end_of_record
TN:
SF:src\store\slices\productSlice.js
FN:16,(anonymous_0)
FN:22,(anonymous_1)
FN:26,(anonymous_2)
FN:31,(anonymous_3)
FN:36,(anonymous_4)
FN:45,(anonymous_5)
FN:50,(anonymous_6)
FN:57,(anonymous_7)
FNF:8
FNH:8
FNDA:2,(anonymous_0)
FNDA:2,(anonymous_1)
FNDA:3,(anonymous_2)
FNDA:9,(anonymous_3)
FNDA:3,(anonymous_4)
FNDA:6,(anonymous_5)
FNDA:1,(anonymous_6)
FNDA:1,(anonymous_7)
DA:3,2
DA:12,2
DA:17,2
DA:18,2
DA:19,2
DA:23,2
DA:27,3
DA:29,3
DA:31,3
DA:32,9
DA:37,3
DA:39,3
DA:41,3
DA:42,1
DA:44,2
DA:45,6
DA:51,1
DA:52,1
DA:53,1
DA:54,1
DA:55,1
DA:58,1
DA:59,1
DA:71,2
LF:24
LH:24
BRDA:41,0,0,1
BRDA:41,0,1,2
BRF:2
BRH:2
end_of_record
TN:
SF:src\store\slices\wishlistSlice.js
FN:11,(anonymous_0)
FN:13,(anonymous_1)
FN:21,(anonymous_2)
FN:23,(anonymous_3)
FN:27,(anonymous_4)
FN:29,(anonymous_5)
FN:39,(anonymous_6)
FNF:7
FNH:7
FNDA:3,(anonymous_0)
FNDA:2,(anonymous_1)
FNDA:2,(anonymous_2)
FNDA:3,(anonymous_3)
FNDA:2,(anonymous_4)
FNDA:1,(anonymous_5)
FNDA:2,(anonymous_6)
DA:3,3
DA:7,3
DA:12,3
DA:13,2
DA:16,3
DA:17,2
DA:22,2
DA:23,3
DA:28,2
DA:29,1
DA:32,2
DA:33,1
DA:35,1
DA:40,2
DA:50,3
LF:15
LH:15
BRDA:16,0,0,2
BRDA:16,0,1,1
BRDA:32,1,0,1
BRDA:32,1,1,1
BRF:4
BRH:4
end_of_record
TN:
SF:src\theme\colors.js
FNF:0
FNH:0
DA:26,15
LF:1
LH:1
BRF:0
BRH:0
end_of_record
TN:
SF:src\theme\radius.js
FNF:0
FNH:0
DA:3,12
DA:5,12
LF:2
LH:2
BRDA:6,0,0,12
BRDA:6,0,1,0
BRDA:7,1,0,12
BRDA:7,1,1,0
BRDA:8,2,0,12
BRDA:8,2,1,0
BRDA:9,3,0,12
BRDA:9,3,1,0
BRDA:10,4,0,12
BRDA:10,4,1,0
BRF:10
BRH:5
end_of_record
TN:
SF:src\theme\shadows.js
FNF:0
FNH:0
DA:3,11
LF:1
LH:1
BRF:0
BRH:0
end_of_record
TN:
SF:src\theme\spacing.js
FNF:0
FNH:0
DA:3,15
DA:5,15
LF:2
LH:2
BRDA:3,0,0,15
BRDA:3,0,1,0
BRF:2
BRH:1
end_of_record
TN:
SF:src\theme\typography.js
FNF:0
FNH:0
DA:2,14
DA:3,14
DA:16,14
DA:26,14
DA:36,14
DA:43,14
LF:6
LH:6
BRDA:17,0,0,14
BRDA:17,0,1,0
BRDA:18,1,0,14
BRDA:18,1,1,0
BRDA:19,2,0,14
BRDA:19,2,1,0
BRDA:20,3,0,14
BRDA:20,3,1,0
BRDA:21,4,0,14
BRDA:21,4,1,0
BRDA:22,5,0,14
BRDA:22,5,1,0
BRDA:23,6,0,14
BRDA:23,6,1,0
BRF:14
BRH:7
end_of_record
TN:
SF:src\validation\loginSchema.js
FNF:0
FNH:0
DA:3,2
LF:1
LH:1
BRF:0
BRH:0
end_of_record
TN:
SF:src\validation\registrationSchema.js
FNF:0
FNH:0
DA:3,2
LF:1
LH:1
BRF:0
BRH:0
end_of_record
